This file contains any messages produced by compilers while
running configure, to aid debugging if configure makes a mistake.

It was created by asyncresolv configure 0.0.4, which was
generated by GNU Autoconf 2.59.  Invocation command line was

  $ ./configure 

## --------- ##
## Platform. ##
## --------- ##

hostname = voodoo-1100
uname -m = i686
uname -r = 2.6.15
uname -s = Linux
uname -v = #9 Wed Jan 18 18:16:28 EET 2006

/usr/bin/uname -p = pentium4
/bin/uname -X     = unknown

/bin/arch              = i686
/usr/bin/arch -k       = unknown
/usr/convex/getsysinfo = unknown
hostinfo               = unknown
/bin/machine           = unknown
/usr/bin/oslevel       = unknown
/bin/universe          = unknown

PATH: /usr/local/bin
PATH: /usr/bin
PATH: /bin
PATH: /usr/X11R6/bin
PATH: /usr/games
PATH: /usr/lib/java/bin
PATH: /usr/lib/java/jre/bin
PATH: /opt/kde/bin
PATH: /usr/lib/qt/bin
PATH: .
PATH: /home/voodoo/bin


## ----------- ##
## Core tests. ##
## ----------- ##

configure:1619: checking build system type
configure:1637: result: i686-pc-linux-gnu
configure:1645: checking host system type
configure:1659: result: i686-pc-linux-gnu
configure:1713: checking for gcc
configure:1729: found /usr/bin/gcc
configure:1739: result: gcc
configure:1983: checking for C compiler version
configure:1986: gcc --version </dev/null >&5
gcc (GCC) 3.4.5
Copyright (C) 2004 Free Software Foundation, Inc.
This is free software; see the source for copying conditions.  There is NO
warranty; not even for MERCHANTABILITY or FITNESS FOR A PARTICULAR PURPOSE.

configure:1989: $? = 0
configure:1991: gcc -v </dev/null >&5
Reading specs from /usr/lib/gcc/i486-slackware-linux/3.4.5/specs
Configured with: ../gcc-3.4.5/configure --prefix=/usr --enable-shared --enable-threads=posix --enable-__cxa_atexit --disable-checking --with-gnu-ld --verbose --target=i486-slackware-linux --host=i486-slackware-linux
Thread model: posix
gcc version 3.4.5
configure:1994: $? = 0
configure:1996: gcc -V </dev/null >&5
gcc: `-V' option must have argument
configure:1999: $? = 1
configure:2022: checking for C compiler default output file name
configure:2025: gcc    conftest.c  >&5
configure:2028: $? = 0
configure:2074: result: a.out
configure:2079: checking whether the C compiler works
configure:2085: ./a.out
configure:2088: $? = 0
configure:2105: result: yes
configure:2112: checking whether we are cross compiling
configure:2114: result: no
configure:2117: checking for suffix of executables
configure:2119: gcc -o conftest    conftest.c  >&5
configure:2122: $? = 0
configure:2147: result: 
configure:2153: checking for suffix of object files
configure:2174: gcc -c   conftest.c >&5
configure:2177: $? = 0
configure:2199: result: o
configure:2203: checking whether we are using the GNU C compiler
configure:2227: gcc -c   conftest.c >&5
configure:2233: $? = 0
configure:2237: test -z 
			 || test ! -s conftest.err
configure:2240: $? = 0
configure:2243: test -s conftest.o
configure:2246: $? = 0
configure:2259: result: yes
configure:2265: checking whether gcc accepts -g
configure:2286: gcc -c -g  conftest.c >&5
configure:2292: $? = 0
configure:2296: test -z 
			 || test ! -s conftest.err
configure:2299: $? = 0
configure:2302: test -s conftest.o
configure:2305: $? = 0
configure:2316: result: yes
configure:2333: checking for gcc option to accept ANSI C
configure:2403: gcc  -c -g -O2  conftest.c >&5
configure:2409: $? = 0
configure:2413: test -z 
			 || test ! -s conftest.err
configure:2416: $? = 0
configure:2419: test -s conftest.o
configure:2422: $? = 0
configure:2440: result: none needed
configure:2458: gcc -c -g -O2  conftest.c >&5
conftest.c:2: error: syntax error before "me"
configure:2464: $? = 1
configure: failed program was:
| #ifndef __cplusplus
|   choke me
| #endif
configure:2597: checking for a sed that does not truncate output
configure:2651: result: /usr/bin/sed
configure:2654: checking for egrep
configure:2664: result: grep -E
configure:2680: checking for ld used by gcc
configure:2747: result: /usr/i486-slackware-linux/bin/ld
configure:2756: checking if the linker (/usr/i486-slackware-linux/bin/ld) is GNU ld
configure:2771: result: yes
configure:2776: checking for /usr/i486-slackware-linux/bin/ld option to reload object files
configure:2783: result: -r
configure:2792: checking for BSD-compatible nm
configure:2834: result: /usr/bin/nm -B
configure:2838: checking whether ln -s works
configure:2842: result: yes
configure:2849: checking how to recognise dependent libraries
configure:3032: result: pass_all
configure:3246: checking how to run the C preprocessor
configure:3281: gcc -E  conftest.c
configure:3287: $? = 0
configure:3319: gcc -E  conftest.c
conftest.c:9:28: ac_nonexistent.h: No such file or directory
configure:3325: $? = 1
configure: failed program was:
| /* confdefs.h.  */
| 
| #define PACKAGE_NAME "asyncresolv"
| #define PACKAGE_TARNAME "asyncresolv"
| #define PACKAGE_VERSION "0.0.4"
| #define PACKAGE_STRING "asyncresolv 0.0.4"
| #define PACKAGE_BUGREPORT "krivoshey@users.sourceforge.net"
| /* end confdefs.h.  */
| #include <ac_nonexistent.h>
configure:3364: result: gcc -E
configure:3388: gcc -E  conftest.c
configure:3394: $? = 0
configure:3426: gcc -E  conftest.c
conftest.c:9:28: ac_nonexistent.h: No such file or directory
configure:3432: $? = 1
configure: failed program was:
| /* confdefs.h.  */
| 
| #define PACKAGE_NAME "asyncresolv"
| #define PACKAGE_TARNAME "asyncresolv"
| #define PACKAGE_VERSION "0.0.4"
| #define PACKAGE_STRING "asyncresolv 0.0.4"
| #define PACKAGE_BUGREPORT "krivoshey@users.sourceforge.net"
| /* end confdefs.h.  */
| #include <ac_nonexistent.h>
configure:3476: checking for ANSI C header files
configure:3501: gcc -c -g -O2  conftest.c >&5
configure:3507: $? = 0
configure:3511: test -z 
			 || test ! -s conftest.err
configure:3514: $? = 0
configure:3517: test -s conftest.o
configure:3520: $? = 0
configure:3609: gcc -o conftest -g -O2   conftest.c  >&5
configure:3612: $? = 0
configure:3614: ./conftest
configure:3617: $? = 0
configure:3632: result: yes
configure:3656: checking for sys/types.h
configure:3672: gcc -c -g -O2  conftest.c >&5
configure:3678: $? = 0
configure:3682: test -z 
			 || test ! -s conftest.err
configure:3685: $? = 0
configure:3688: test -s conftest.o
configure:3691: $? = 0
configure:3702: result: yes
configure:3656: checking for sys/stat.h
configure:3672: gcc -c -g -O2  conftest.c >&5
configure:3678: $? = 0
configure:3682: test -z 
			 || test ! -s conftest.err
configure:3685: $? = 0
configure:3688: test -s conftest.o
configure:3691: $? = 0
configure:3702: result: yes
configure:3656: checking for stdlib.h
configure:3672: gcc -c -g -O2  conftest.c >&5
configure:3678: $? = 0
configure:3682: test -z 
			 || test ! -s conftest.err
configure:3685: $? = 0
configure:3688: test -s conftest.o
configure:3691: $? = 0
configure:3702: result: yes
configure:3656: checking for string.h
configure:3672: gcc -c -g -O2  conftest.c >&5
configure:3678: $? = 0
configure:3682: test -z 
			 || test ! -s conftest.err
configure:3685: $? = 0
configure:3688: test -s conftest.o
configure:3691: $? = 0
configure:3702: result: yes
configure:3656: checking for memory.h
configure:3672: gcc -c -g -O2  conftest.c >&5
configure:3678: $? = 0
configure:3682: test -z 
			 || test ! -s conftest.err
configure:3685: $? = 0
configure:3688: test -s conftest.o
configure:3691: $? = 0
configure:3702: result: yes
configure:3656: checking for strings.h
configure:3672: gcc -c -g -O2  conftest.c >&5
configure:3678: $? = 0
configure:3682: test -z 
			 || test ! -s conftest.err
configure:3685: $? = 0
configure:3688: test -s conftest.o
configure:3691: $? = 0
configure:3702: result: yes
configure:3656: checking for inttypes.h
configure:3672: gcc -c -g -O2  conftest.c >&5
configure:3678: $? = 0
configure:3682: test -z 
			 || test ! -s conftest.err
configure:3685: $? = 0
configure:3688: test -s conftest.o
configure:3691: $? = 0
configure:3702: result: yes
configure:3656: checking for stdint.h
configure:3672: gcc -c -g -O2  conftest.c >&5
configure:3678: $? = 0
configure:3682: test -z 
			 || test ! -s conftest.err
configure:3685: $? = 0
configure:3688: test -s conftest.o
configure:3691: $? = 0
configure:3702: result: yes
configure:3656: checking for unistd.h
configure:3672: gcc -c -g -O2  conftest.c >&5
configure:3678: $? = 0
configure:3682: test -z 
			 || test ! -s conftest.err
configure:3685: $? = 0
configure:3688: test -s conftest.o
configure:3691: $? = 0
configure:3702: result: yes
configure:3728: checking dlfcn.h usability
configure:3740: gcc -c -g -O2  conftest.c >&5
configure:3746: $? = 0
configure:3750: test -z 
			 || test ! -s conftest.err
configure:3753: $? = 0
configure:3756: test -s conftest.o
configure:3759: $? = 0
configure:3769: result: yes
configure:3773: checking dlfcn.h presence
configure:3783: gcc -E  conftest.c
configure:3789: $? = 0
configure:3809: result: yes
configure:3844: checking for dlfcn.h
configure:3851: result: yes
configure:3916: checking for g++
configure:3932: found /usr/bin/g++
configure:3942: result: g++
configure:3958: checking for C++ compiler version
configure:3961: g++ --version </dev/null >&5
g++ (GCC) 3.4.5
Copyright (C) 2004 Free Software Foundation, Inc.
This is free software; see the source for copying conditions.  There is NO
warranty; not even for MERCHANTABILITY or FITNESS FOR A PARTICULAR PURPOSE.

configure:3964: $? = 0
configure:3966: g++ -v </dev/null >&5
Reading specs from /usr/lib/gcc/i486-slackware-linux/3.4.5/specs
Configured with: ../gcc-3.4.5/configure --prefix=/usr --enable-shared --enable-threads=posix --enable-__cxa_atexit --disable-checking --with-gnu-ld --verbose --target=i486-slackware-linux --host=i486-slackware-linux
Thread model: posix
gcc version 3.4.5
configure:3969: $? = 0
configure:3971: g++ -V </dev/null >&5
g++: `-V' option must have argument
configure:3974: $? = 1
configure:3977: checking whether we are using the GNU C++ compiler
configure:4001: g++ -c   conftest.cc >&5
configure:4007: $? = 0
configure:4011: test -z 
			 || test ! -s conftest.err
configure:4014: $? = 0
configure:4017: test -s conftest.o
configure:4020: $? = 0
configure:4033: result: yes
configure:4039: checking whether g++ accepts -g
configure:4060: g++ -c -g  conftest.cc >&5
configure:4066: $? = 0
configure:4070: test -z 
			 || test ! -s conftest.err
configure:4073: $? = 0
configure:4076: test -s conftest.o
configure:4079: $? = 0
configure:4090: result: yes
configure:4132: g++ -c -g -O2  conftest.cc >&5
configure:4138: $? = 0
configure:4142: test -z 
			 || test ! -s conftest.err
configure:4145: $? = 0
configure:4148: test -s conftest.o
configure:4151: $? = 0
configure:4177: g++ -c -g -O2  conftest.cc >&5
conftest.cc: In function `int main()':
conftest.cc:24: error: `exit' was not declared in this scope
configure:4183: $? = 1
configure: failed program was:
| /* confdefs.h.  */
| 
| #define PACKAGE_NAME "asyncresolv"
| #define PACKAGE_TARNAME "asyncresolv"
| #define PACKAGE_VERSION "0.0.4"
| #define PACKAGE_STRING "asyncresolv 0.0.4"
| #define PACKAGE_BUGREPORT "krivoshey@users.sourceforge.net"
| #define STDC_HEADERS 1
| #define HAVE_SYS_TYPES_H 1
| #define HAVE_SYS_STAT_H 1
| #define HAVE_STDLIB_H 1
| #define HAVE_STRING_H 1
| #define HAVE_MEMORY_H 1
| #define HAVE_STRINGS_H 1
| #define HAVE_INTTYPES_H 1
| #define HAVE_STDINT_H 1
| #define HAVE_UNISTD_H 1
| #define HAVE_DLFCN_H 1
| /* end confdefs.h.  */
| 
| int
| main ()
| {
| exit (42);
|   ;
|   return 0;
| }
configure:4132: g++ -c -g -O2  conftest.cc >&5
configure:4138: $? = 0
configure:4142: test -z 
			 || test ! -s conftest.err
configure:4145: $? = 0
configure:4148: test -s conftest.o
configure:4151: $? = 0
configure:4177: g++ -c -g -O2  conftest.cc >&5
configure:4183: $? = 0
configure:4187: test -z 
			 || test ! -s conftest.err
configure:4190: $? = 0
configure:4193: test -s conftest.o
configure:4196: $? = 0
configure:4224: checking how to run the C++ preprocessor
configure:4255: g++ -E  conftest.cc
configure:4261: $? = 0
configure:4293: g++ -E  conftest.cc
conftest.cc:23:28: ac_nonexistent.h: No such file or directory
configure:4299: $? = 1
configure: failed program was:
| /* confdefs.h.  */
| 
| #define PACKAGE_NAME "asyncresolv"
| #define PACKAGE_TARNAME "asyncresolv"
| #define PACKAGE_VERSION "0.0.4"
| #define PACKAGE_STRING "asyncresolv 0.0.4"
| #define PACKAGE_BUGREPORT "krivoshey@users.sourceforge.net"
| #define STDC_HEADERS 1
| #define HAVE_SYS_TYPES_H 1
| #define HAVE_SYS_STAT_H 1
| #define HAVE_STDLIB_H 1
| #define HAVE_STRING_H 1
| #define HAVE_MEMORY_H 1
| #define HAVE_STRINGS_H 1
| #define HAVE_INTTYPES_H 1
| #define HAVE_STDINT_H 1
| #define HAVE_UNISTD_H 1
| #define HAVE_DLFCN_H 1
| #ifdef __cplusplus
| extern "C" void std::exit (int) throw (); using std::exit;
| #endif
| /* end confdefs.h.  */
| #include <ac_nonexistent.h>
configure:4338: result: g++ -E
configure:4362: g++ -E  conftest.cc
configure:4368: $? = 0
configure:4400: g++ -E  conftest.cc
conftest.cc:23:28: ac_nonexistent.h: No such file or directory
configure:4406: $? = 1
configure: failed program was:
| /* confdefs.h.  */
| 
| #define PACKAGE_NAME "asyncresolv"
| #define PACKAGE_TARNAME "asyncresolv"
| #define PACKAGE_VERSION "0.0.4"
| #define PACKAGE_STRING "asyncresolv 0.0.4"
| #define PACKAGE_BUGREPORT "krivoshey@users.sourceforge.net"
| #define STDC_HEADERS 1
| #define HAVE_SYS_TYPES_H 1
| #define HAVE_SYS_STAT_H 1
| #define HAVE_STDLIB_H 1
| #define HAVE_STRING_H 1
| #define HAVE_MEMORY_H 1
| #define HAVE_STRINGS_H 1
| #define HAVE_INTTYPES_H 1
| #define HAVE_STDINT_H 1
| #define HAVE_UNISTD_H 1
| #define HAVE_DLFCN_H 1
| #ifdef __cplusplus
| extern "C" void std::exit (int) throw (); using std::exit;
| #endif
| /* end confdefs.h.  */
| #include <ac_nonexistent.h>
configure:4501: checking for g77
configure:4530: result: no
configure:4501: checking for f77
configure:4530: result: no
configure:4501: checking for xlf
configure:4530: result: no
configure:4501: checking for frt
configure:4530: result: no
configure:4501: checking for pgf77
configure:4530: result: no
configure:4501: checking for fort77
configure:4530: result: no
configure:4501: checking for fl32
configure:4530: result: no
configure:4501: checking for af77
configure:4530: result: no
configure:4501: checking for f90
configure:4530: result: no
configure:4501: checking for xlf90
configure:4530: result: no
configure:4501: checking for pgf90
configure:4530: result: no
configure:4501: checking for epcf90
configure:4530: result: no
configure:4501: checking for f95
configure:4530: result: no
configure:4501: checking for fort
configure:4530: result: no
configure:4501: checking for xlf95
configure:4530: result: no
configure:4501: checking for ifc
configure:4530: result: no
configure:4501: checking for efc
configure:4530: result: no
configure:4501: checking for pgf95
configure:4530: result: no
configure:4501: checking for lf95
configure:4530: result: no
configure:4501: checking for gfortran
configure:4530: result: no
configure:4542: checking for Fortran 77 compiler version
configure:4545:  --version </dev/null >&5
./configure: line 4546: --version: command not found
configure:4548: $? = 127
configure:4550:  -v </dev/null >&5
./configure: line 4551: -v: command not found
configure:4553: $? = 127
configure:4555:  -V </dev/null >&5
./configure: line 4556: -V: command not found
configure:4558: $? = 127
configure:4566: checking whether we are using the GNU Fortran 77 compiler
configure:4580:  -c  conftest.F >&5
./configure: line 4581: -c: command not found
configure:4586: $? = 127
configure: failed program was:
|       program main
| #ifndef __GNUC__
|        choke me
| #endif
| 
|       end
configure:4612: result: no
configure:4618: checking whether  accepts -g
configure:4630:  -c -g conftest.f >&5
./configure: line 4631: -c: command not found
configure:4636: $? = 127
configure: failed program was:
|       program main
| 
|       end
configure:4661: result: no
configure:4691: checking the maximum length of command line arguments
configure:4756: result: 32768
configure:4767: checking command to parse /usr/bin/nm -B output from gcc object
configure:4856: gcc -c -g -O2  conftest.c >&5
configure:4859: $? = 0
configure:4863: /usr/bin/nm -B conftest.o \| sed -n -e 's/^.*[ 	]\([ABCDGIRSTW][ABCDGIRSTW]*\)[ 	][ 	]*\(\)\([_A-Za-z][_A-Za-z0-9]*\)$/\1 \2\3 \3/p' \> conftest.nm
configure:4866: $? = 0
configure:4918: gcc -o conftest -g -O2   conftest.c conftstm.o >&5
configure:4921: $? = 0
configure:4959: result: ok
configure:4963: checking for objdir
configure:4978: result: .libs
configure:5068: checking for ar
configure:5084: found /usr/bin/ar
configure:5095: result: ar
configure:5148: checking for ranlib
configure:5164: found /usr/bin/ranlib
configure:5175: result: ranlib
configure:5228: checking for strip
configure:5244: found /usr/bin/strip
configure:5255: result: strip
configure:5517: checking if gcc static flag  works
configure:5540: result: yes
configure:5558: checking if gcc supports -fno-rtti -fno-exceptions
configure:5576: gcc -c -g -O2  -fno-rtti -fno-exceptions conftest.c >&5
cc1: warning: command line option "-fno-rtti" is valid for C++/ObjC++ but not for C
configure:5580: $? = 0
configure:5591: result: no
configure:5606: checking for gcc option to produce PIC
configure:5783: result: -fPIC
configure:5791: checking if gcc PIC flag -fPIC works
configure:5809: gcc -c -g -O2  -fPIC -DPIC conftest.c >&5
configure:5813: $? = 0
configure:5824: result: yes
configure:5848: checking if gcc supports -c -o file.o
configure:5869: gcc -c -g -O2  -o out/conftest2.o conftest.c >&5
configure:5873: $? = 0
configure:5893: result: yes
configure:5919: checking whether the gcc linker (/usr/i486-slackware-linux/bin/ld) supports shared libraries
configure:6767: result: yes
configure:6793: checking whether -lc should be explicitly linked in
configure:6798: gcc -c -g -O2  conftest.c >&5
configure:6801: $? = 0
configure:6815: gcc -shared conftest.o  -v -Wl,-soname -Wl,conftest -o conftest 2\>\&1 \| grep  -lc  \>/dev/null 2\>\&1
configure:6818: $? = 0
configure:6830: result: no
configure:6838: checking dynamic linker characteristics
configure:7378: result: GNU/Linux ld.so
configure:7382: checking how to hardcode library paths into programs
configure:7407: result: immediate
configure:7421: checking whether stripping libraries is possible
configure:7426: result: yes
configure:8256: checking if libtool supports shared libraries
configure:8258: result: yes
configure:8261: checking whether to build shared libraries
configure:8319: result: yes
configure:8322: checking whether to build static libraries
configure:8326: result: yes
configure:8418: creating libtool
configure:8965: checking for ld used by g++
configure:9032: result: /usr/i486-slackware-linux/bin/ld
configure:9041: checking if the linker (/usr/i486-slackware-linux/bin/ld) is GNU ld
configure:9056: result: yes
configure:9107: checking whether the g++ linker (/usr/i486-slackware-linux/bin/ld) supports shared libraries
configure:9935: result: yes
configure:9953: g++ -c -g -O2  conftest.cc >&5
configure:9956: $? = 0
configure:10052: checking for g++ option to produce PIC
configure:10304: result: -fPIC
configure:10312: checking if g++ PIC flag -fPIC works
configure:10330: g++ -c -g -O2  -fPIC -DPIC conftest.cc >&5
configure:10334: $? = 0
configure:10345: result: yes
configure:10369: checking if g++ supports -c -o file.o
configure:10390: g++ -c -g -O2  -o out/conftest2.o conftest.cc >&5
configure:10394: $? = 0
configure:10414: result: yes
configure:10440: checking whether the g++ linker (/usr/i486-slackware-linux/bin/ld) supports shared libraries
configure:10465: result: yes
configure:10536: checking dynamic linker characteristics
configure:11076: result: GNU/Linux ld.so
configure:11080: checking how to hardcode library paths into programs
configure:11105: result: immediate
configure:11119: checking whether stripping libraries is possible
configure:11124: result: yes
configure:18374: checking for a BSD-compatible install
configure:18429: result: /usr/bin/install -c
configure:18440: checking whether build environment is sane
configure:18483: result: yes
configure:18516: checking for gawk
configure:18532: found /usr/bin/gawk
configure:18542: result: gawk
configure:18552: checking whether make sets $(MAKE)
configure:18572: result: yes
configure:18602: checking for style of include used by make
configure:18630: result: GNU
configure:18793: checking dependency style of gcc
configure:18876: result: gcc3
configure:18895: checking dependency style of g++
configure:18978: result: gcc3
configure:19092: checking for C++ compiler version
configure:19095: g++ --version </dev/null >&5
g++ (GCC) 3.4.5
Copyright (C) 2004 Free Software Foundation, Inc.
This is free software; see the source for copying conditions.  There is NO
warranty; not even for MERCHANTABILITY or FITNESS FOR A PARTICULAR PURPOSE.

configure:19098: $? = 0
configure:19100: g++ -v </dev/null >&5
Reading specs from /usr/lib/gcc/i486-slackware-linux/3.4.5/specs
Configured with: ../gcc-3.4.5/configure --prefix=/usr --enable-shared --enable-threads=posix --enable-__cxa_atexit --disable-checking --with-gnu-ld --verbose --target=i486-slackware-linux --host=i486-slackware-linux
Thread model: posix
gcc version 3.4.5
configure:19103: $? = 0
configure:19105: g++ -V </dev/null >&5
g++: `-V' option must have argument
configure:19108: $? = 1
configure:19111: checking whether we are using the GNU C++ compiler
configure:19167: result: yes
configure:19173: checking whether g++ accepts -g
configure:19224: result: yes
configure:19266: g++ -c -g -O2  conftest.cc >&5
configure:19272: $? = 0
configure:19276: test -z 
			 || test ! -s conftest.err
configure:19279: $? = 0
configure:19282: test -s conftest.o
configure:19285: $? = 0
configure:19311: g++ -c -g -O2  conftest.cc >&5
configure:19317: $? = 0
configure:19321: test -z 
			 || test ! -s conftest.err
configure:19324: $? = 0
configure:19327: test -s conftest.o
configure:19330: $? = 0
configure:19399: checking for gcc
configure:19425: result: gcc
configure:19669: checking for C compiler version
configure:19672: gcc --version </dev/null >&5
gcc (GCC) 3.4.5
Copyright (C) 2004 Free Software Foundation, Inc.
This is free software; see the source for copying conditions.  There is NO
warranty; not even for MERCHANTABILITY or FITNESS FOR A PARTICULAR PURPOSE.

configure:19675: $? = 0
configure:19677: gcc -v </dev/null >&5
Reading specs from /usr/lib/gcc/i486-slackware-linux/3.4.5/specs
Configured with: ../gcc-3.4.5/configure --prefix=/usr --enable-shared --enable-threads=posix --enable-__cxa_atexit --disable-checking --with-gnu-ld --verbose --target=i486-slackware-linux --host=i486-slackware-linux
Thread model: posix
gcc version 3.4.5
configure:19680: $? = 0
configure:19682: gcc -V </dev/null >&5
gcc: `-V' option must have argument
configure:19685: $? = 1
configure:19688: checking whether we are using the GNU C compiler
configure:19744: result: yes
configure:19750: checking whether gcc accepts -g
configure:19801: result: yes
configure:19818: checking for gcc option to accept ANSI C
configure:19925: result: none needed
configure:19943: gcc -c -g -O2  conftest.c >&5
conftest.c:2: error: syntax error before "me"
configure:19949: $? = 1
configure: failed program was:
| #ifndef __cplusplus
|   choke me
| #endif
configure:20087: checking how to run the C preprocessor
configure:20205: result: gcc -E
configure:20229: gcc -E  conftest.c
configure:20235: $? = 0
configure:20267: gcc -E  conftest.c
conftest.c:23:28: ac_nonexistent.h: No such file or directory
configure:20273: $? = 1
configure: failed program was:
| /* confdefs.h.  */
| 
| #define PACKAGE_NAME "asyncresolv"
| #define PACKAGE_TARNAME "asyncresolv"
| #define PACKAGE_VERSION "0.0.4"
| #define PACKAGE_STRING "asyncresolv 0.0.4"
| #define PACKAGE_BUGREPORT "krivoshey@users.sourceforge.net"
| #define STDC_HEADERS 1
| #define HAVE_SYS_TYPES_H 1
| #define HAVE_SYS_STAT_H 1
| #define HAVE_STDLIB_H 1
| #define HAVE_STRING_H 1
| #define HAVE_MEMORY_H 1
| #define HAVE_STRINGS_H 1
| #define HAVE_INTTYPES_H 1
| #define HAVE_STDINT_H 1
| #define HAVE_UNISTD_H 1
| #define HAVE_DLFCN_H 1
| #ifdef __cplusplus
| extern "C" void std::exit (int) throw (); using std::exit;
| #endif
| /* end confdefs.h.  */
| #include <ac_nonexistent.h>
configure:20329: checking for a BSD-compatible install
configure:20384: result: /usr/bin/install -c
configure:20395: checking whether ln -s works
configure:20399: result: yes
configure:20406: checking whether make sets $(MAKE)
configure:20426: result: yes
configure:20476: checking for ranlib
configure:20503: result: ranlib
configure:20519: checking for ANSI C header files
configure:20675: result: yes
configure:20707: checking arpa/inet.h usability
configure:20719: gcc -c -g -O2  conftest.c >&5
configure:20725: $? = 0
configure:20729: test -z 
			 || test ! -s conftest.err
configure:20732: $? = 0
configure:20735: test -s conftest.o
configure:20738: $? = 0
configure:20748: result: yes
configure:20752: checking arpa/inet.h presence
configure:20762: gcc -E  conftest.c
configure:20768: $? = 0
configure:20788: result: yes
configure:20823: checking for arpa/inet.h
configure:20830: result: yes
configure:20707: checking fcntl.h usability
configure:20719: gcc -c -g -O2  conftest.c >&5
configure:20725: $? = 0
configure:20729: test -z 
			 || test ! -s conftest.err
configure:20732: $? = 0
configure:20735: test -s conftest.o
configure:20738: $? = 0
configure:20748: result: yes
configure:20752: checking fcntl.h presence
configure:20762: gcc -E  conftest.c
configure:20768: $? = 0
configure:20788: result: yes
configure:20823: checking for fcntl.h
configure:20830: result: yes
configure:20707: checking malloc.h usability
configure:20719: gcc -c -g -O2  conftest.c >&5
configure:20725: $? = 0
configure:20729: test -z 
			 || test ! -s conftest.err
configure:20732: $? = 0
configure:20735: test -s conftest.o
configure:20738: $? = 0
configure:20748: result: yes
configure:20752: checking malloc.h presence
configure:20762: gcc -E  conftest.c
configure:20768: $? = 0
configure:20788: result: yes
configure:20823: checking for malloc.h
configure:20830: result: yes
configure:20707: checking netinet/in.h usability
configure:20719: gcc -c -g -O2  conftest.c >&5
configure:20725: $? = 0
configure:20729: test -z 
			 || test ! -s conftest.err
configure:20732: $? = 0
configure:20735: test -s conftest.o
configure:20738: $? = 0
configure:20748: result: yes
configure:20752: checking netinet/in.h presence
configure:20762: gcc -E  conftest.c
configure:20768: $? = 0
configure:20788: result: yes
configure:20823: checking for netinet/in.h
configure:20830: result: yes
configure:20698: checking for stdlib.h
configure:20703: result: yes
configure:20698: checking for string.h
configure:20703: result: yes
configure:20707: checking sys/socket.h usability
configure:20719: gcc -c -g -O2  conftest.c >&5
configure:20725: $? = 0
configure:20729: test -z 
			 || test ! -s conftest.err
configure:20732: $? = 0
configure:20735: test -s conftest.o
configure:20738: $? = 0
configure:20748: result: yes
configure:20752: checking sys/socket.h presence
configure:20762: gcc -E  conftest.c
configure:20768: $? = 0
configure:20788: result: yes
configure:20823: checking for sys/socket.h
configure:20830: result: yes
configure:20707: checking sys/time.h usability
configure:20719: gcc -c -g -O2  conftest.c >&5
configure:20725: $? = 0
configure:20729: test -z 
			 || test ! -s conftest.err
configure:20732: $? = 0
configure:20735: test -s conftest.o
configure:20738: $? = 0
configure:20748: result: yes
configure:20752: checking sys/time.h presence
configure:20762: gcc -E  conftest.c
configure:20768: $? = 0
configure:20788: result: yes
configure:20823: checking for sys/time.h
configure:20830: result: yes
configure:20698: checking for unistd.h
configure:20703: result: yes
configure:20845: checking for stdbool.h that conforms to C99
configure:20898: gcc -c -g -O2  conftest.c >&5
configure:20904: $? = 0
configure:20908: test -z 
			 || test ! -s conftest.err
configure:20911: $? = 0
configure:20914: test -s conftest.o
configure:20917: $? = 0
configure:20928: result: yes
configure:20930: checking for _Bool
configure:20954: gcc -c -g -O2  conftest.c >&5
configure:20960: $? = 0
configure:20964: test -z 
			 || test ! -s conftest.err
configure:20967: $? = 0
configure:20970: test -s conftest.o
configure:20973: $? = 0
configure:20984: result: yes
configure:21003: checking for an ANSI C-conforming const
configure:21070: gcc -c -g -O2  conftest.c >&5
configure:21076: $? = 0
configure:21080: test -z 
			 || test ! -s conftest.err
configure:21083: $? = 0
configure:21086: test -s conftest.o
configure:21089: $? = 0
configure:21100: result: yes
configure:21110: checking for inline
configure:21131: gcc -c -g -O2  conftest.c >&5
configure:21137: $? = 0
configure:21141: test -z 
			 || test ! -s conftest.err
configure:21144: $? = 0
configure:21147: test -s conftest.o
configure:21150: $? = 0
configure:21162: result: inline
configure:21181: checking for size_t
configure:21205: gcc -c -g -O2  conftest.c >&5
configure:21211: $? = 0
configure:21215: test -z 
			 || test ! -s conftest.err
configure:21218: $? = 0
configure:21221: test -s conftest.o
configure:21224: $? = 0
configure:21235: result: yes
configure:21251: checking for working alloca.h
configure:21272: gcc -o conftest -g -O2   conftest.c  >&5
configure:21278: $? = 0
configure:21282: test -z 
			 || test ! -s conftest.err
configure:21285: $? = 0
configure:21288: test -s conftest
configure:21291: $? = 0
configure:21303: result: yes
configure:21313: checking for alloca
configure:21354: gcc -o conftest -g -O2   conftest.c  >&5
configure:21360: $? = 0
configure:21364: test -z 
			 || test ! -s conftest.err
configure:21367: $? = 0
configure:21370: test -s conftest
configure:21373: $? = 0
configure:21385: result: yes
configure:21608: checking for error_at_line
configure:21629: gcc -o conftest -g -O2   conftest.c  >&5
configure:21635: $? = 0
configure:21639: test -z 
			 || test ! -s conftest.err
configure:21642: $? = 0
configure:21645: test -s conftest
configure:21648: $? = 0
configure:21660: result: yes
configure:21678: checking for stdlib.h
configure:21683: result: yes
configure:21823: checking for GNU libc compatible malloc
configure:21852: gcc -o conftest -g -O2   conftest.c  >&5
configure:21855: $? = 0
configure:21857: ./conftest
configure:21860: $? = 0
configure:21874: result: yes
configure:21909: checking for stdlib.h
configure:21914: result: yes
configure:22054: checking for GNU libc compatible realloc
configure:22083: gcc -o conftest -g -O2   conftest.c  >&5
configure:22086: $? = 0
configure:22088: ./conftest
configure:22091: $? = 0
configure:22105: result: yes
configure:22139: checking for vprintf
configure:22196: gcc -o conftest -g -O2   conftest.c  >&5
conftest.c:65: warning: conflicting types for built-in function 'vprintf'
configure:22202: $? = 0
configure:22206: test -z 
			 || test ! -s conftest.err
configure:22209: $? = 0
configure:22212: test -s conftest
configure:22215: $? = 0
configure:22227: result: yes
configure:22234: checking for _doprnt
configure:22291: gcc -o conftest -g -O2   conftest.c  >&5
/tmp/cc4SOWHV.o(.text+0x12): In function `main':
/home/voodoo/Projects/STABLE/asyncresolv/conftest.c:82: undefined reference to `_doprnt'
/tmp/cc4SOWHV.o(.data+0x0): undefined reference to `_doprnt'
collect2: ld returned 1 exit status
configure:22297: $? = 1
configure: failed program was:
| /* confdefs.h.  */
| 
| #define PACKAGE_NAME "asyncresolv"
| #define PACKAGE_TARNAME "asyncresolv"
| #define PACKAGE_VERSION "0.0.4"
| #define PACKAGE_STRING "asyncresolv 0.0.4"
| #define PACKAGE_BUGREPORT "krivoshey@users.sourceforge.net"
| #define STDC_HEADERS 1
| #define HAVE_SYS_TYPES_H 1
| #define HAVE_SYS_STAT_H 1
| #define HAVE_STDLIB_H 1
| #define HAVE_STRING_H 1
| #define HAVE_MEMORY_H 1
| #define HAVE_STRINGS_H 1
| #define HAVE_INTTYPES_H 1
| #define HAVE_STDINT_H 1
| #define HAVE_UNISTD_H 1
| #define HAVE_DLFCN_H 1
| #ifdef __cplusplus
| extern "C" void std::exit (int) throw (); using std::exit;
| #endif
| #define STDC_HEADERS 1
| #define HAVE_ARPA_INET_H 1
| #define HAVE_FCNTL_H 1
| #define HAVE_MALLOC_H 1
| #define HAVE_NETINET_IN_H 1
| #define HAVE_STDLIB_H 1
| #define HAVE_STRING_H 1
| #define HAVE_SYS_SOCKET_H 1
| #define HAVE_SYS_TIME_H 1
| #define HAVE_UNISTD_H 1
| #define HAVE__BOOL 1
| #define HAVE_STDBOOL_H 1
| #define HAVE_ALLOCA_H 1
| #define HAVE_ALLOCA 1
| #define HAVE_STDLIB_H 1
| #define HAVE_MALLOC 1
| #define HAVE_STDLIB_H 1
| #define HAVE_REALLOC 1
| #define HAVE_VPRINTF 1
| /* end confdefs.h.  */
| /* Define _doprnt to an innocuous variant, in case <limits.h> declares _doprnt.
|    For example, HP-UX 11i <limits.h> declares gettimeofday.  */
| #define _doprnt innocuous__doprnt
| 
| /* System header to define __stub macros and hopefully few prototypes,
|     which can conflict with char _doprnt (); below.
|     Prefer <limits.h> to <assert.h> if __STDC__ is defined, since
|     <limits.h> exists even on freestanding compilers.  */
| 
| #ifdef __STDC__
| # include <limits.h>
| #else
| # include <assert.h>
| #endif
| 
| #undef _doprnt
| 
| /* Override any gcc2 internal prototype to avoid an error.  */
| #ifdef __cplusplus
| extern "C"
| {
| #endif
| /* We use char because int might match the return type of a gcc2
|    builtin and then its argument prototype would still apply.  */
| char _doprnt ();
| /* The GNU C library defines this for functions which it implements
|     to always fail with ENOSYS.  Some functions are actually named
|     something starting with __ and the normal name is an alias.  */
| #if defined (__stub__doprnt) || defined (__stub____doprnt)
| choke me
| #else
| char (*f) () = _doprnt;
| #endif
| #ifdef __cplusplus
| }
| #endif
| 
| int
| main ()
| {
| return f != _doprnt;
|   ;
|   return 0;
| }
configure:22322: result: no
configure:22345: checking for inet_ntoa
configure:22402: gcc -o conftest -g -O2   conftest.c  >&5
configure:22408: $? = 0
configure:22412: test -z 
			 || test ! -s conftest.err
configure:22415: $? = 0
configure:22418: test -s conftest
configure:22421: $? = 0
configure:22433: result: yes
configure:22345: checking for memset
configure:22402: gcc -o conftest -g -O2   conftest.c  >&5
conftest.c:67: warning: conflicting types for built-in function 'memset'
configure:22408: $? = 0
configure:22412: test -z 
			 || test ! -s conftest.err
configure:22415: $? = 0
configure:22418: test -s conftest
configure:22421: $? = 0
configure:22433: result: yes
configure:22345: checking for socket
configure:22402: gcc -o conftest -g -O2   conftest.c  >&5
configure:22408: $? = 0
configure:22412: test -z 
			 || test ! -s conftest.err
configure:22415: $? = 0
configure:22418: test -s conftest
configure:22421: $? = 0
configure:22433: result: yes
configure:22345: checking for strcasecmp
configure:22402: gcc -o conftest -g -O2   conftest.c  >&5
configure:22408: $? = 0
configure:22412: test -z 
			 || test ! -s conftest.err
configure:22415: $? = 0
configure:22418: test -s conftest
configure:22421: $? = 0
configure:22433: result: yes
configure:22345: checking for strdup
configure:22402: gcc -o conftest -g -O2   conftest.c  >&5
conftest.c:70: warning: conflicting types for built-in function 'strdup'
configure:22408: $? = 0
configure:22412: test -z 
			 || test ! -s conftest.err
configure:22415: $? = 0
configure:22418: test -s conftest
configure:22421: $? = 0
configure:22433: result: yes
configure:22345: checking for strerror
configure:22402: gcc -o conftest -g -O2   conftest.c  >&5
configure:22408: $? = 0
configure:22412: test -z 
			 || test ! -s conftest.err
configure:22415: $? = 0
configure:22418: test -s conftest
configure:22421: $? = 0
configure:22433: result: yes
configure:22445: checking for IPv6 support
configure:22474: gcc -o conftest -g -O2   conftest.c  >&5
configure:22477: $? = 0
configure:22479: ./conftest
configure:22482: $? = 1
configure: program exited with status 1
configure: failed program was:
| /* confdefs.h.  */
| 
| #define PACKAGE_NAME "asyncresolv"
| #define PACKAGE_TARNAME "asyncresolv"
| #define PACKAGE_VERSION "0.0.4"
| #define PACKAGE_STRING "asyncresolv 0.0.4"
| #define PACKAGE_BUGREPORT "krivoshey@users.sourceforge.net"
| #define STDC_HEADERS 1
| #define HAVE_SYS_TYPES_H 1
| #define HAVE_SYS_STAT_H 1
| #define HAVE_STDLIB_H 1
| #define HAVE_STRING_H 1
| #define HAVE_MEMORY_H 1
| #define HAVE_STRINGS_H 1
| #define HAVE_INTTYPES_H 1
| #define HAVE_STDINT_H 1
| #define HAVE_UNISTD_H 1
| #define HAVE_DLFCN_H 1
| #ifdef __cplusplus
| extern "C" void std::exit (int) throw (); using std::exit;
| #endif
| #define STDC_HEADERS 1
| #define HAVE_ARPA_INET_H 1
| #define HAVE_FCNTL_H 1
| #define HAVE_MALLOC_H 1
| #define HAVE_NETINET_IN_H 1
| #define HAVE_STDLIB_H 1
| #define HAVE_STRING_H 1
| #define HAVE_SYS_SOCKET_H 1
| #define HAVE_SYS_TIME_H 1
| #define HAVE_UNISTD_H 1
| #define HAVE__BOOL 1
| #define HAVE_STDBOOL_H 1
| #define HAVE_ALLOCA_H 1
| #define HAVE_ALLOCA 1
| #define HAVE_STDLIB_H 1
| #define HAVE_MALLOC 1
| #define HAVE_STDLIB_H 1
| #define HAVE_REALLOC 1
| #define HAVE_VPRINTF 1
| #define HAVE_INET_NTOA 1
| #define HAVE_MEMSET 1
| #define HAVE_SOCKET 1
| #define HAVE_STRCASECMP 1
| #define HAVE_STRDUP 1
| #define HAVE_STRERROR 1
| /* end confdefs.h.  */
| 
| #include <sys/socket.h>
| #include <netinet/in.h>
| #include <arpa/inet.h>
| 
| struct sockaddr_in6 s6;
| 
| int main() {
|     if(socket(PF_INET6, SOCK_DGRAM, 0) == -1){
| 	return 1;
|     }
|     return 0;
| }
configure:22497: result: no
configure:22636: creating ./config.status

## ---------------------- ##
## Running config.status. ##
## ---------------------- ##

This file was extended by asyncresolv config.status 0.0.4, which was
generated by GNU Autoconf 2.59.  Invocation command line was

  CONFIG_FILES    = 
  CONFIG_HEADERS  = 
  CONFIG_LINKS    = 
  CONFIG_COMMANDS = 
  $ ./config.status 

on voodoo-1100

config.status:717: creating Makefile
config.status:717: creating src/Makefile
config.status:717: creating examples/Makefile
config.status:717: creating examples/mx-lookup/Makefile
config.status:717: creating examples/reverse-lookup/Makefile
config.status:717: creating examples/dnslookup/Makefile
config.status:821: creating src/config.h
config.status:1173: executing depfiles commands

## ---------------- ##
## Cache variables. ##
## ---------------- ##

ac_cv_build=i686-pc-linux-gnu
ac_cv_build_alias=i686-pc-linux-gnu
ac_cv_c_compiler_gnu=yes
ac_cv_c_const=yes
ac_cv_c_inline=inline
ac_cv_cxx_compiler_gnu=yes
ac_cv_env_CC_set=
ac_cv_env_CC_value=
ac_cv_env_CFLAGS_set=
ac_cv_env_CFLAGS_value=
ac_cv_env_CPPFLAGS_set=
ac_cv_env_CPPFLAGS_value=
ac_cv_env_CPP_set=
ac_cv_env_CPP_value=
ac_cv_env_CXXCPP_set=
ac_cv_env_CXXCPP_value=
ac_cv_env_CXXFLAGS_set=
ac_cv_env_CXXFLAGS_value=
ac_cv_env_CXX_set=
ac_cv_env_CXX_value=
ac_cv_env_F77_set=
ac_cv_env_F77_value=
ac_cv_env_FFLAGS_set=
ac_cv_env_FFLAGS_value=
ac_cv_env_LDFLAGS_set=
ac_cv_env_LDFLAGS_value=
ac_cv_env_build_alias_set=
ac_cv_env_build_alias_value=
ac_cv_env_host_alias_set=
ac_cv_env_host_alias_value=
ac_cv_env_target_alias_set=
ac_cv_env_target_alias_value=
ac_cv_exeext=
ac_cv_f77_compiler_gnu=no
ac_cv_func__doprnt=no
ac_cv_func_alloca_works=yes
ac_cv_func_inet_ntoa=yes
ac_cv_func_malloc_0_nonnull=yes
ac_cv_func_memset=yes
ac_cv_func_realloc_0_nonnull=yes
ac_cv_func_socket=yes
ac_cv_func_strcasecmp=yes
ac_cv_func_strdup=yes
ac_cv_func_strerror=yes
ac_cv_func_vprintf=yes
ac_cv_header_arpa_inet_h=yes
ac_cv_header_dlfcn_h=yes
ac_cv_header_fcntl_h=yes
ac_cv_header_inttypes_h=yes
ac_cv_header_malloc_h=yes
ac_cv_header_memory_h=yes
ac_cv_header_netinet_in_h=yes
ac_cv_header_stdbool_h=yes
ac_cv_header_stdc=yes
ac_cv_header_stdint_h=yes
ac_cv_header_stdlib_h=yes
ac_cv_header_string_h=yes
ac_cv_header_strings_h=yes
ac_cv_header_sys_socket_h=yes
ac_cv_header_sys_stat_h=yes
ac_cv_header_sys_time_h=yes
ac_cv_header_sys_types_h=yes
ac_cv_header_unistd_h=yes
ac_cv_host=i686-pc-linux-gnu
ac_cv_host_alias=i686-pc-linux-gnu
ac_cv_lib_error_at_line=yes
ac_cv_objext=o
ac_cv_path_install='/usr/bin/install -c'
ac_cv_prog_AWK=gawk
ac_cv_prog_CPP='gcc -E'
ac_cv_prog_CXXCPP='g++ -E'
ac_cv_prog_ac_ct_AR=ar
ac_cv_prog_ac_ct_CC=gcc
ac_cv_prog_ac_ct_CXX=g++
ac_cv_prog_ac_ct_RANLIB=ranlib
ac_cv_prog_ac_ct_STRIP=strip
ac_cv_prog_cc_g=yes
ac_cv_prog_cc_stdc=
ac_cv_prog_cxx_g=yes
ac_cv_prog_egrep='grep -E'
ac_cv_prog_f77_g=no
ac_cv_prog_make_make_set=yes
ac_cv_type__Bool=yes
ac_cv_type_size_t=yes
ac_cv_working_alloca_h=yes
am_cv_CC_dependencies_compiler_type=gcc3
am_cv_CXX_dependencies_compiler_type=gcc3
lt_cv_deplibs_check_method=pass_all
lt_cv_file_magic_cmd='$MAGIC_CMD'
lt_cv_file_magic_test_file='/lib/libc.so.6 /lib/libc-2.3.6.so'
lt_cv_ld_reload_flag=-r
lt_cv_objdir=.libs
lt_cv_path_LD=/usr/i486-slackware-linux/bin/ld
lt_cv_path_LDCXX=/usr/i486-slackware-linux/bin/ld
lt_cv_path_NM='/usr/bin/nm -B'
lt_cv_path_SED=/usr/bin/sed
lt_cv_prog_compiler_c_o=yes
lt_cv_prog_compiler_c_o_CXX=yes
lt_cv_prog_compiler_rtti_exceptions=no
lt_cv_prog_gnu_ld=yes
lt_cv_prog_gnu_ldcxx=yes
lt_cv_sys_global_symbol_pipe='sed -n -e '\''s/^.*[ 	]\([ABCDGIRSTW][ABCDGIRSTW]*\)[ 	][ 	]*\(\)\([_A-Za-z][_A-Za-z0-9]*\)$/\1 \2\3 \3/p'\'''
lt_cv_sys_global_symbol_to_c_name_address='sed -n -e '\''s/^: \([^ ]*\) $/  {\"\1\", (lt_ptr) 0},/p'\'' -e '\''s/^[BCDEGRST] \([^ ]*\) \([^ ]*\)$/  {"\2", (lt_ptr) \&\2},/p'\'''
lt_cv_sys_global_symbol_to_cdecl='sed -n -e '\''s/^. .* \(.*\)$/extern int \1;/p'\'''
lt_cv_sys_max_cmd_len=32768
lt_lt_cv_prog_compiler_c_o='"yes"'
lt_lt_cv_prog_compiler_c_o_CXX='"yes"'
lt_lt_cv_sys_global_symbol_pipe='"sed -n -e '\''s/^.*[ 	]\\([ABCDGIRSTW][ABCDGIRSTW]*\\)[ 	][ 	]*\\(\\)\\([_A-Za-z][_A-Za-z0-9]*\\)\$/\\1 \\2\\3 \\3/p'\''"'
lt_lt_cv_sys_global_symbol_to_c_name_address='"sed -n -e '\''s/^: \\([^ ]*\\) \$/  {\\\"\\1\\\", (lt_ptr) 0},/p'\'' -e '\''s/^[BCDEGRST] \\([^ ]*\\) \\([^ ]*\\)\$/  {\"\\2\", (lt_ptr) \\&\\2},/p'\''"'
lt_lt_cv_sys_global_symbol_to_cdecl='"sed -n -e '\''s/^. .* \\(.*\\)\$/extern int \\1;/p'\''"'

## ----------------- ##
## Output variables. ##
## ----------------- ##

ACLOCAL='${SHELL} /home/voodoo/Projects/STABLE/asyncresolv/missing --run aclocal-1.7'
ALLOCA=''
AMDEPBACKSLASH='\'
AMDEP_FALSE='#'
AMDEP_TRUE=''
AMTAR='${SHELL} /home/voodoo/Projects/STABLE/asyncresolv/missing --run tar'
AR='ar'
AUTOCONF='${SHELL} /home/voodoo/Projects/STABLE/asyncresolv/missing --run autoconf'
AUTOHEADER='${SHELL} /home/voodoo/Projects/STABLE/asyncresolv/missing --run autoheader'
AUTOMAKE='${SHELL} /home/voodoo/Projects/STABLE/asyncresolv/missing --run automake-1.7'
AWK='gawk'
CC='gcc'
CCDEPMODE='depmode=gcc3'
CFLAGS='-g -O2 -fno-exceptions -fno-rtti -O0 -fomit-frame-pointer -fexpensive-optimizations -pipe -Werror -Wall -Winline -D_REENTRANT -D_THREAD_SAFE'
CPP='gcc -E'
CPPFLAGS=''
CXX='g++'
CXXCPP='g++ -E'
CXXDEPMODE='depmode=gcc3'
CXXFLAGS='-g -O2 -fno-exceptions -fno-rtti -O0 -fomit-frame-pointer -fexpensive-optimizations -pipe -Werror -Wall -Winline -D_REENTRANT -D_THREAD_SAFE'
CYGPATH_W='echo'
DEFS='-DHAVE_CONFIG_H'
DEPDIR='.deps'
ECHO='echo'
ECHO_C=''
ECHO_N='-n'
ECHO_T=''
EGREP='grep -E'
EXEEXT=''
F77=''
FFLAGS=''
INSTALL_DATA='${INSTALL} -m 644'
INSTALL_PROGRAM='${INSTALL}'
INSTALL_SCRIPT='${INSTALL}'
INSTALL_STRIP_PROGRAM='${SHELL} $(install_sh) -c -s'
LDFLAGS=''
LIBOBJS=''
LIBS=''
LIBTOOL='$(SHELL) $(top_builddir)/libtool'
LN_S='ln -s'
LTLIBOBJS=''
MAKEINFO='${SHELL} /home/voodoo/Projects/STABLE/asyncresolv/missing --run makeinfo'
OBJEXT='o'
PACKAGE='asyncresolv'
PACKAGE_BUGREPORT='krivoshey@users.sourceforge.net'
PACKAGE_NAME='asyncresolv'
PACKAGE_STRING='asyncresolv 0.0.4'
PACKAGE_TARNAME='asyncresolv'
PACKAGE_VERSION='0.0.4'
PATH_SEPARATOR=':'
RANLIB='ranlib'
SET_MAKE=''
SHELL='/bin/sh'
STRIP='strip'
VERSION='0.0.4'
ac_ct_AR='ar'
ac_ct_CC='gcc'
ac_ct_CXX='g++'
ac_ct_F77=''
ac_ct_RANLIB='ranlib'
ac_ct_STRIP='strip'
am__fastdepCC_FALSE='#'
am__fastdepCC_TRUE=''
am__fastdepCXX_FALSE='#'
am__fastdepCXX_TRUE=''
am__include='include'
am__leading_dot='.'
am__quote=''
bindir='${exec_prefix}/bin'
build='i686-pc-linux-gnu'
build_alias=''
build_cpu='i686'
build_os='linux-gnu'
build_vendor='pc'
datadir='${prefix}/share'
exec_prefix='${prefix}'
host='i686-pc-linux-gnu'
host_alias=''
host_cpu='i686'
host_os='linux-gnu'
host_vendor='pc'
includedir='${prefix}/include'
infodir='${prefix}/info'
install_sh='/home/voodoo/Projects/STABLE/asyncresolv/install-sh'
libdir='${exec_prefix}/lib'
libexecdir='${exec_prefix}/libexec'
localstatedir='${prefix}/var'
mandir='${prefix}/man'
oldincludedir='/usr/include'
prefix='/usr/local'
program_transform_name='s,x,x,'
sbindir='${exec_prefix}/sbin'
sharedstatedir='${prefix}/com'
sysconfdir='${prefix}/etc'
target_alias=''

## ----------- ##
## confdefs.h. ##
## ----------- ##

#define HAVE_ALLOCA 1
#define HAVE_ALLOCA_H 1
#define HAVE_ARPA_INET_H 1
#define HAVE_DLFCN_H 1
#define HAVE_FCNTL_H 1
#define HAVE_INET_NTOA 1
#define HAVE_INTTYPES_H 1
#define HAVE_MALLOC 1
#define HAVE_MALLOC_H 1
#define HAVE_MEMORY_H 1
#define HAVE_MEMSET 1
#define HAVE_NETINET_IN_H 1
#define HAVE_REALLOC 1
#define HAVE_SOCKET 1
#define HAVE_STDBOOL_H 1
#define HAVE_STDINT_H 1
#define HAVE_STDLIB_H 1
#define HAVE_STDLIB_H 1
#define HAVE_STDLIB_H 1
#define HAVE_STDLIB_H 1
#define HAVE_STRCASECMP 1
#define HAVE_STRDUP 1
#define HAVE_STRERROR 1
#define HAVE_STRINGS_H 1
#define HAVE_STRING_H 1
#define HAVE_STRING_H 1
#define HAVE_SYS_SOCKET_H 1
#define HAVE_SYS_STAT_H 1
#define HAVE_SYS_TIME_H 1
#define HAVE_SYS_TYPES_H 1
#define HAVE_UNISTD_H 1
#define HAVE_UNISTD_H 1
#define HAVE_VPRINTF 1
#define HAVE__BOOL 1
#define PACKAGE_BUGREPORT "krivoshey@users.sourceforge.net"
#define PACKAGE_NAME "asyncresolv"
#define PACKAGE_STRING "asyncresolv 0.0.4"
#define PACKAGE_TARNAME "asyncresolv"
#define PACKAGE_VERSION "0.0.4"
#define STDC_HEADERS 1
#define STDC_HEADERS 1
#endif
#ifdef __cplusplus
extern "C" void std::exit (int) throw (); using std::exit;

configure: exit 0
