This file contains any messages produced by compilers while
running configure, to aid debugging if configure makes a mistake.

It was created by dotconfpp configure 0.0.5, which was
generated by GNU Autoconf 2.59.  Invocation command line was

  $ ./configure 

## --------- ##
## Platform. ##
## --------- ##

hostname = voodoo-1100
uname -m = i686
uname -r = 2.6.15
uname -s = Linux
uname -v = #9 Wed Jan 18 18:16:28 EET 2006

/usr/bin/uname -p = pentium4
/bin/uname -X     = unknown

/bin/arch              = i686
/usr/bin/arch -k       = unknown
/usr/convex/getsysinfo = unknown
hostinfo               = unknown
/bin/machine           = unknown
/usr/bin/oslevel       = unknown
/bin/universe          = unknown

PATH: /usr/local/bin
PATH: /usr/bin
PATH: /bin
PATH: /usr/X11R6/bin
PATH: /usr/games
PATH: /usr/lib/java/bin
PATH: /usr/lib/java/jre/bin
PATH: /opt/kde/bin
PATH: /usr/lib/qt/bin
PATH: .
PATH: /home/voodoo/bin


## ----------- ##
## Core tests. ##
## ----------- ##

configure:1620: checking build system type
configure:1638: result: i686-pc-linux-gnu
configure:1646: checking host system type
configure:1660: result: i686-pc-linux-gnu
configure:1714: checking for gcc
configure:1730: found /usr/bin/gcc
configure:1740: result: gcc
configure:1984: checking for C compiler version
configure:1987: gcc --version </dev/null >&5
gcc (GCC) 3.4.5
Copyright (C) 2004 Free Software Foundation, Inc.
This is free software; see the source for copying conditions.  There is NO
warranty; not even for MERCHANTABILITY or FITNESS FOR A PARTICULAR PURPOSE.

configure:1990: $? = 0
configure:1992: gcc -v </dev/null >&5
Reading specs from /usr/lib/gcc/i486-slackware-linux/3.4.5/specs
Configured with: ../gcc-3.4.5/configure --prefix=/usr --enable-shared --enable-threads=posix --enable-__cxa_atexit --disable-checking --with-gnu-ld --verbose --target=i486-slackware-linux --host=i486-slackware-linux
Thread model: posix
gcc version 3.4.5
configure:1995: $? = 0
configure:1997: gcc -V </dev/null >&5
gcc: `-V' option must have argument
configure:2000: $? = 1
configure:2023: checking for C compiler default output file name
configure:2026: gcc    conftest.c  >&5
configure:2029: $? = 0
configure:2075: result: a.out
configure:2080: checking whether the C compiler works
configure:2086: ./a.out
configure:2089: $? = 0
configure:2106: result: yes
configure:2113: checking whether we are cross compiling
configure:2115: result: no
configure:2118: checking for suffix of executables
configure:2120: gcc -o conftest    conftest.c  >&5
configure:2123: $? = 0
configure:2148: result: 
configure:2154: checking for suffix of object files
configure:2175: gcc -c   conftest.c >&5
configure:2178: $? = 0
configure:2200: result: o
configure:2204: checking whether we are using the GNU C compiler
configure:2228: gcc -c   conftest.c >&5
configure:2234: $? = 0
configure:2238: test -z 
			 || test ! -s conftest.err
configure:2241: $? = 0
configure:2244: test -s conftest.o
configure:2247: $? = 0
configure:2260: result: yes
configure:2266: checking whether gcc accepts -g
configure:2287: gcc -c -g  conftest.c >&5
configure:2293: $? = 0
configure:2297: test -z 
			 || test ! -s conftest.err
configure:2300: $? = 0
configure:2303: test -s conftest.o
configure:2306: $? = 0
configure:2317: result: yes
configure:2334: checking for gcc option to accept ANSI C
configure:2404: gcc  -c -g -O2  conftest.c >&5
configure:2410: $? = 0
configure:2414: test -z 
			 || test ! -s conftest.err
configure:2417: $? = 0
configure:2420: test -s conftest.o
configure:2423: $? = 0
configure:2441: result: none needed
configure:2459: gcc -c -g -O2  conftest.c >&5
conftest.c:2: error: syntax error before "me"
configure:2465: $? = 1
configure: failed program was:
| #ifndef __cplusplus
|   choke me
| #endif
configure:2598: checking for a sed that does not truncate output
configure:2652: result: /usr/bin/sed
configure:2655: checking for egrep
configure:2665: result: grep -E
configure:2681: checking for ld used by gcc
configure:2748: result: /usr/i486-slackware-linux/bin/ld
configure:2757: checking if the linker (/usr/i486-slackware-linux/bin/ld) is GNU ld
configure:2772: result: yes
configure:2777: checking for /usr/i486-slackware-linux/bin/ld option to reload object files
configure:2784: result: -r
configure:2802: checking for BSD-compatible nm
configure:2851: result: /usr/bin/nm -B
configure:2855: checking whether ln -s works
configure:2859: result: yes
configure:2866: checking how to recognise dependent libraries
configure:3042: result: pass_all
configure:3279: checking how to run the C preprocessor
configure:3314: gcc -E  conftest.c
configure:3320: $? = 0
configure:3352: gcc -E  conftest.c
conftest.c:9:28: ac_nonexistent.h: No such file or directory
configure:3358: $? = 1
configure: failed program was:
| /* confdefs.h.  */
| 
| #define PACKAGE_NAME "dotconfpp"
| #define PACKAGE_TARNAME "dotconfpp"
| #define PACKAGE_VERSION "0.0.5"
| #define PACKAGE_STRING "dotconfpp 0.0.5"
| #define PACKAGE_BUGREPORT "a.krivoshey@kharkiv.com.ua"
| /* end confdefs.h.  */
| #include <ac_nonexistent.h>
configure:3397: result: gcc -E
configure:3421: gcc -E  conftest.c
configure:3427: $? = 0
configure:3459: gcc -E  conftest.c
conftest.c:9:28: ac_nonexistent.h: No such file or directory
configure:3465: $? = 1
configure: failed program was:
| /* confdefs.h.  */
| 
| #define PACKAGE_NAME "dotconfpp"
| #define PACKAGE_TARNAME "dotconfpp"
| #define PACKAGE_VERSION "0.0.5"
| #define PACKAGE_STRING "dotconfpp 0.0.5"
| #define PACKAGE_BUGREPORT "a.krivoshey@kharkiv.com.ua"
| /* end confdefs.h.  */
| #include <ac_nonexistent.h>
configure:3509: checking for ANSI C header files
configure:3534: gcc -c -g -O2  conftest.c >&5
configure:3540: $? = 0
configure:3544: test -z 
			 || test ! -s conftest.err
configure:3547: $? = 0
configure:3550: test -s conftest.o
configure:3553: $? = 0
configure:3642: gcc -o conftest -g -O2   conftest.c  >&5
configure:3645: $? = 0
configure:3647: ./conftest
configure:3650: $? = 0
configure:3665: result: yes
configure:3689: checking for sys/types.h
configure:3705: gcc -c -g -O2  conftest.c >&5
configure:3711: $? = 0
configure:3715: test -z 
			 || test ! -s conftest.err
configure:3718: $? = 0
configure:3721: test -s conftest.o
configure:3724: $? = 0
configure:3735: result: yes
configure:3689: checking for sys/stat.h
configure:3705: gcc -c -g -O2  conftest.c >&5
configure:3711: $? = 0
configure:3715: test -z 
			 || test ! -s conftest.err
configure:3718: $? = 0
configure:3721: test -s conftest.o
configure:3724: $? = 0
configure:3735: result: yes
configure:3689: checking for stdlib.h
configure:3705: gcc -c -g -O2  conftest.c >&5
configure:3711: $? = 0
configure:3715: test -z 
			 || test ! -s conftest.err
configure:3718: $? = 0
configure:3721: test -s conftest.o
configure:3724: $? = 0
configure:3735: result: yes
configure:3689: checking for string.h
configure:3705: gcc -c -g -O2  conftest.c >&5
configure:3711: $? = 0
configure:3715: test -z 
			 || test ! -s conftest.err
configure:3718: $? = 0
configure:3721: test -s conftest.o
configure:3724: $? = 0
configure:3735: result: yes
configure:3689: checking for memory.h
configure:3705: gcc -c -g -O2  conftest.c >&5
configure:3711: $? = 0
configure:3715: test -z 
			 || test ! -s conftest.err
configure:3718: $? = 0
configure:3721: test -s conftest.o
configure:3724: $? = 0
configure:3735: result: yes
configure:3689: checking for strings.h
configure:3705: gcc -c -g -O2  conftest.c >&5
configure:3711: $? = 0
configure:3715: test -z 
			 || test ! -s conftest.err
configure:3718: $? = 0
configure:3721: test -s conftest.o
configure:3724: $? = 0
configure:3735: result: yes
configure:3689: checking for inttypes.h
configure:3705: gcc -c -g -O2  conftest.c >&5
configure:3711: $? = 0
configure:3715: test -z 
			 || test ! -s conftest.err
configure:3718: $? = 0
configure:3721: test -s conftest.o
configure:3724: $? = 0
configure:3735: result: yes
configure:3689: checking for stdint.h
configure:3705: gcc -c -g -O2  conftest.c >&5
configure:3711: $? = 0
configure:3715: test -z 
			 || test ! -s conftest.err
configure:3718: $? = 0
configure:3721: test -s conftest.o
configure:3724: $? = 0
configure:3735: result: yes
configure:3689: checking for unistd.h
configure:3705: gcc -c -g -O2  conftest.c >&5
configure:3711: $? = 0
configure:3715: test -z 
			 || test ! -s conftest.err
configure:3718: $? = 0
configure:3721: test -s conftest.o
configure:3724: $? = 0
configure:3735: result: yes
configure:3761: checking dlfcn.h usability
configure:3773: gcc -c -g -O2  conftest.c >&5
configure:3779: $? = 0
configure:3783: test -z 
			 || test ! -s conftest.err
configure:3786: $? = 0
configure:3789: test -s conftest.o
configure:3792: $? = 0
configure:3802: result: yes
configure:3806: checking dlfcn.h presence
configure:3816: gcc -E  conftest.c
configure:3822: $? = 0
configure:3842: result: yes
configure:3877: checking for dlfcn.h
configure:3884: result: yes
configure:3949: checking for g++
configure:3965: found /usr/bin/g++
configure:3975: result: g++
configure:3991: checking for C++ compiler version
configure:3994: g++ --version </dev/null >&5
g++ (GCC) 3.4.5
Copyright (C) 2004 Free Software Foundation, Inc.
This is free software; see the source for copying conditions.  There is NO
warranty; not even for MERCHANTABILITY or FITNESS FOR A PARTICULAR PURPOSE.

configure:3997: $? = 0
configure:3999: g++ -v </dev/null >&5
Reading specs from /usr/lib/gcc/i486-slackware-linux/3.4.5/specs
Configured with: ../gcc-3.4.5/configure --prefix=/usr --enable-shared --enable-threads=posix --enable-__cxa_atexit --disable-checking --with-gnu-ld --verbose --target=i486-slackware-linux --host=i486-slackware-linux
Thread model: posix
gcc version 3.4.5
configure:4002: $? = 0
configure:4004: g++ -V </dev/null >&5
g++: `-V' option must have argument
configure:4007: $? = 1
configure:4010: checking whether we are using the GNU C++ compiler
configure:4034: g++ -c   conftest.cc >&5
configure:4040: $? = 0
configure:4044: test -z 
			 || test ! -s conftest.err
configure:4047: $? = 0
configure:4050: test -s conftest.o
configure:4053: $? = 0
configure:4066: result: yes
configure:4072: checking whether g++ accepts -g
configure:4093: g++ -c -g  conftest.cc >&5
configure:4099: $? = 0
configure:4103: test -z 
			 || test ! -s conftest.err
configure:4106: $? = 0
configure:4109: test -s conftest.o
configure:4112: $? = 0
configure:4123: result: yes
configure:4165: g++ -c -g -O2  conftest.cc >&5
configure:4171: $? = 0
configure:4175: test -z 
			 || test ! -s conftest.err
configure:4178: $? = 0
configure:4181: test -s conftest.o
configure:4184: $? = 0
configure:4210: g++ -c -g -O2  conftest.cc >&5
conftest.cc: In function `int main()':
conftest.cc:24: error: `exit' was not declared in this scope
configure:4216: $? = 1
configure: failed program was:
| /* confdefs.h.  */
| 
| #define PACKAGE_NAME "dotconfpp"
| #define PACKAGE_TARNAME "dotconfpp"
| #define PACKAGE_VERSION "0.0.5"
| #define PACKAGE_STRING "dotconfpp 0.0.5"
| #define PACKAGE_BUGREPORT "a.krivoshey@kharkiv.com.ua"
| #define STDC_HEADERS 1
| #define HAVE_SYS_TYPES_H 1
| #define HAVE_SYS_STAT_H 1
| #define HAVE_STDLIB_H 1
| #define HAVE_STRING_H 1
| #define HAVE_MEMORY_H 1
| #define HAVE_STRINGS_H 1
| #define HAVE_INTTYPES_H 1
| #define HAVE_STDINT_H 1
| #define HAVE_UNISTD_H 1
| #define HAVE_DLFCN_H 1
| /* end confdefs.h.  */
| 
| int
| main ()
| {
| exit (42);
|   ;
|   return 0;
| }
configure:4165: g++ -c -g -O2  conftest.cc >&5
configure:4171: $? = 0
configure:4175: test -z 
			 || test ! -s conftest.err
configure:4178: $? = 0
configure:4181: test -s conftest.o
configure:4184: $? = 0
configure:4210: g++ -c -g -O2  conftest.cc >&5
configure:4216: $? = 0
configure:4220: test -z 
			 || test ! -s conftest.err
configure:4223: $? = 0
configure:4226: test -s conftest.o
configure:4229: $? = 0
configure:4262: checking how to run the C++ preprocessor
configure:4293: g++ -E  conftest.cc
configure:4299: $? = 0
configure:4331: g++ -E  conftest.cc
conftest.cc:23:28: ac_nonexistent.h: No such file or directory
configure:4337: $? = 1
configure: failed program was:
| /* confdefs.h.  */
| 
| #define PACKAGE_NAME "dotconfpp"
| #define PACKAGE_TARNAME "dotconfpp"
| #define PACKAGE_VERSION "0.0.5"
| #define PACKAGE_STRING "dotconfpp 0.0.5"
| #define PACKAGE_BUGREPORT "a.krivoshey@kharkiv.com.ua"
| #define STDC_HEADERS 1
| #define HAVE_SYS_TYPES_H 1
| #define HAVE_SYS_STAT_H 1
| #define HAVE_STDLIB_H 1
| #define HAVE_STRING_H 1
| #define HAVE_MEMORY_H 1
| #define HAVE_STRINGS_H 1
| #define HAVE_INTTYPES_H 1
| #define HAVE_STDINT_H 1
| #define HAVE_UNISTD_H 1
| #define HAVE_DLFCN_H 1
| #ifdef __cplusplus
| extern "C" void std::exit (int) throw (); using std::exit;
| #endif
| /* end confdefs.h.  */
| #include <ac_nonexistent.h>
configure:4376: result: g++ -E
configure:4400: g++ -E  conftest.cc
configure:4406: $? = 0
configure:4438: g++ -E  conftest.cc
conftest.cc:23:28: ac_nonexistent.h: No such file or directory
configure:4444: $? = 1
configure: failed program was:
| /* confdefs.h.  */
| 
| #define PACKAGE_NAME "dotconfpp"
| #define PACKAGE_TARNAME "dotconfpp"
| #define PACKAGE_VERSION "0.0.5"
| #define PACKAGE_STRING "dotconfpp 0.0.5"
| #define PACKAGE_BUGREPORT "a.krivoshey@kharkiv.com.ua"
| #define STDC_HEADERS 1
| #define HAVE_SYS_TYPES_H 1
| #define HAVE_SYS_STAT_H 1
| #define HAVE_STDLIB_H 1
| #define HAVE_STRING_H 1
| #define HAVE_MEMORY_H 1
| #define HAVE_STRINGS_H 1
| #define HAVE_INTTYPES_H 1
| #define HAVE_STDINT_H 1
| #define HAVE_UNISTD_H 1
| #define HAVE_DLFCN_H 1
| #ifdef __cplusplus
| extern "C" void std::exit (int) throw (); using std::exit;
| #endif
| /* end confdefs.h.  */
| #include <ac_nonexistent.h>
configure:4541: checking for g77
configure:4570: result: no
configure:4541: checking for f77
configure:4570: result: no
configure:4541: checking for xlf
configure:4570: result: no
configure:4541: checking for frt
configure:4570: result: no
configure:4541: checking for pgf77
configure:4570: result: no
configure:4541: checking for fort77
configure:4570: result: no
configure:4541: checking for fl32
configure:4570: result: no
configure:4541: checking for af77
configure:4570: result: no
configure:4541: checking for f90
configure:4570: result: no
configure:4541: checking for xlf90
configure:4570: result: no
configure:4541: checking for pgf90
configure:4570: result: no
configure:4541: checking for epcf90
configure:4570: result: no
configure:4541: checking for f95
configure:4570: result: no
configure:4541: checking for fort
configure:4570: result: no
configure:4541: checking for xlf95
configure:4570: result: no
configure:4541: checking for ifc
configure:4570: result: no
configure:4541: checking for efc
configure:4570: result: no
configure:4541: checking for pgf95
configure:4570: result: no
configure:4541: checking for lf95
configure:4570: result: no
configure:4541: checking for gfortran
configure:4570: result: no
configure:4582: checking for Fortran 77 compiler version
configure:4585:  --version </dev/null >&5
./configure: line 4586: --version: command not found
configure:4588: $? = 127
configure:4590:  -v </dev/null >&5
./configure: line 4591: -v: command not found
configure:4593: $? = 127
configure:4595:  -V </dev/null >&5
./configure: line 4596: -V: command not found
configure:4598: $? = 127
configure:4606: checking whether we are using the GNU Fortran 77 compiler
configure:4620:  -c  conftest.F >&5
./configure: line 4621: -c: command not found
configure:4626: $? = 127
configure: failed program was:
|       program main
| #ifndef __GNUC__
|        choke me
| #endif
| 
|       end
configure:4652: result: no
configure:4658: checking whether  accepts -g
configure:4670:  -c -g conftest.f >&5
./configure: line 4671: -c: command not found
configure:4676: $? = 127
configure: failed program was:
|       program main
| 
|       end
configure:4701: result: no
configure:4731: checking the maximum length of command line arguments
configure:4840: result: 32768
configure:4851: checking command to parse /usr/bin/nm -B output from gcc object
configure:4956: gcc -c -g -O2  conftest.c >&5
configure:4959: $? = 0
configure:4963: /usr/bin/nm -B conftest.o \| sed -n -e 's/^.*[ 	]\([ABCDGIRSTW][ABCDGIRSTW]*\)[ 	][ 	]*\([_A-Za-z][_A-Za-z0-9]*\)$/\1 \2 \2/p' \> conftest.nm
configure:4966: $? = 0
configure:5018: gcc -o conftest -g -O2   conftest.c conftstm.o >&5
configure:5021: $? = 0
configure:5059: result: ok
configure:5063: checking for objdir
configure:5078: result: .libs
configure:5168: checking for ar
configure:5184: found /usr/bin/ar
configure:5195: result: ar
configure:5248: checking for ranlib
configure:5264: found /usr/bin/ranlib
configure:5275: result: ranlib
configure:5328: checking for strip
configure:5344: found /usr/bin/strip
configure:5355: result: strip
configure:5627: checking if gcc supports -fno-rtti -fno-exceptions
configure:5645: gcc -c -g -O2  -fno-rtti -fno-exceptions conftest.c >&5
cc1: warning: command line option "-fno-rtti" is valid for C++/ObjC++ but not for C
configure:5649: $? = 0
configure:5662: result: no
configure:5677: checking for gcc option to produce PIC
configure:5887: result: -fPIC
configure:5895: checking if gcc PIC flag -fPIC works
configure:5913: gcc -c -g -O2  -fPIC -DPIC conftest.c >&5
configure:5917: $? = 0
configure:5930: result: yes
configure:5958: checking if gcc static flag -static works
configure:5986: result: yes
configure:5996: checking if gcc supports -c -o file.o
configure:6017: gcc -c -g -O2  -o out/conftest2.o conftest.c >&5
configure:6021: $? = 0
configure:6043: result: yes
configure:6069: checking whether the gcc linker (/usr/i486-slackware-linux/bin/ld) supports shared libraries
configure:7027: result: yes
configure:7048: checking whether -lc should be explicitly linked in
configure:7053: gcc -c -g -O2  conftest.c >&5
configure:7056: $? = 0
configure:7071: gcc -shared conftest.o  -v -Wl,-soname -Wl,conftest -o conftest 2\>\&1 \| grep  -lc  \>/dev/null 2\>\&1
configure:7074: $? = 0
configure:7086: result: no
configure:7094: checking dynamic linker characteristics
configure:7682: result: GNU/Linux ld.so
configure:7691: checking how to hardcode library paths into programs
configure:7716: result: immediate
configure:7730: checking whether stripping libraries is possible
configure:7735: result: yes
configure:8569: checking if libtool supports shared libraries
configure:8571: result: yes
configure:8574: checking whether to build shared libraries
configure:8595: result: yes
configure:8598: checking whether to build static libraries
configure:8602: result: yes
configure:8694: creating libtool
configure:9282: checking for ld used by g++
configure:9349: result: /usr/i486-slackware-linux/bin/ld
configure:9358: checking if the linker (/usr/i486-slackware-linux/bin/ld) is GNU ld
configure:9373: result: yes
configure:9424: checking whether the g++ linker (/usr/i486-slackware-linux/bin/ld) supports shared libraries
configure:10362: result: yes
configure:10380: g++ -c -g -O2  conftest.cpp >&5
configure:10383: $? = 0
configure:10502: checking for g++ option to produce PIC
configure:10776: result: -fPIC
configure:10784: checking if g++ PIC flag -fPIC works
configure:10802: g++ -c -g -O2  -fPIC -DPIC conftest.cpp >&5
configure:10806: $? = 0
configure:10819: result: yes
configure:10847: checking if g++ static flag -static works
configure:10875: result: yes
configure:10885: checking if g++ supports -c -o file.o
configure:10906: g++ -c -g -O2  -o out/conftest2.o conftest.cpp >&5
configure:10910: $? = 0
configure:10932: result: yes
configure:10958: checking whether the g++ linker (/usr/i486-slackware-linux/bin/ld) supports shared libraries
configure:10983: result: yes
configure:11050: checking dynamic linker characteristics
configure:11638: result: GNU/Linux ld.so
configure:11647: checking how to hardcode library paths into programs
configure:11672: result: immediate
configure:17837: checking for a BSD-compatible install
configure:17892: result: /usr/bin/ginstall -c
configure:17903: checking whether build environment is sane
configure:17946: result: yes
configure:18011: checking for gawk
configure:18027: found /usr/bin/gawk
configure:18037: result: gawk
configure:18047: checking whether make sets $(MAKE)
configure:18067: result: yes
configure:18097: checking for style of include used by make
configure:18125: result: GNU
configure:18292: checking dependency style of gcc
configure:18382: result: gcc3
configure:18401: checking dependency style of g++
configure:18491: result: gcc3
configure:18606: checking for C++ compiler version
configure:18609: g++ --version </dev/null >&5
g++ (GCC) 3.4.5
Copyright (C) 2004 Free Software Foundation, Inc.
This is free software; see the source for copying conditions.  There is NO
warranty; not even for MERCHANTABILITY or FITNESS FOR A PARTICULAR PURPOSE.

configure:18612: $? = 0
configure:18614: g++ -v </dev/null >&5
Reading specs from /usr/lib/gcc/i486-slackware-linux/3.4.5/specs
Configured with: ../gcc-3.4.5/configure --prefix=/usr --enable-shared --enable-threads=posix --enable-__cxa_atexit --disable-checking --with-gnu-ld --verbose --target=i486-slackware-linux --host=i486-slackware-linux
Thread model: posix
gcc version 3.4.5
configure:18617: $? = 0
configure:18619: g++ -V </dev/null >&5
g++: `-V' option must have argument
configure:18622: $? = 1
configure:18625: checking whether we are using the GNU C++ compiler
configure:18681: result: yes
configure:18687: checking whether g++ accepts -g
configure:18738: result: yes
configure:18780: g++ -c -g -O2  conftest.cc >&5
configure:18786: $? = 0
configure:18790: test -z 
			 || test ! -s conftest.err
configure:18793: $? = 0
configure:18796: test -s conftest.o
configure:18799: $? = 0
configure:18825: g++ -c -g -O2  conftest.cc >&5
configure:18831: $? = 0
configure:18835: test -z 
			 || test ! -s conftest.err
configure:18838: $? = 0
configure:18841: test -s conftest.o
configure:18844: $? = 0
configure:18913: checking for gcc
configure:18939: result: gcc
configure:19183: checking for C compiler version
configure:19186: gcc --version </dev/null >&5
gcc (GCC) 3.4.5
Copyright (C) 2004 Free Software Foundation, Inc.
This is free software; see the source for copying conditions.  There is NO
warranty; not even for MERCHANTABILITY or FITNESS FOR A PARTICULAR PURPOSE.

configure:19189: $? = 0
configure:19191: gcc -v </dev/null >&5
Reading specs from /usr/lib/gcc/i486-slackware-linux/3.4.5/specs
Configured with: ../gcc-3.4.5/configure --prefix=/usr --enable-shared --enable-threads=posix --enable-__cxa_atexit --disable-checking --with-gnu-ld --verbose --target=i486-slackware-linux --host=i486-slackware-linux
Thread model: posix
gcc version 3.4.5
configure:19194: $? = 0
configure:19196: gcc -V </dev/null >&5
gcc: `-V' option must have argument
configure:19199: $? = 1
configure:19202: checking whether we are using the GNU C compiler
configure:19258: result: yes
configure:19264: checking whether gcc accepts -g
configure:19315: result: yes
configure:19332: checking for gcc option to accept ANSI C
configure:19439: result: none needed
configure:19457: gcc -c -g -O2  conftest.c >&5
conftest.c:2: error: syntax error before "me"
configure:19463: $? = 1
configure: failed program was:
| #ifndef __cplusplus
|   choke me
| #endif
configure:19601: checking how to run the C preprocessor
configure:19719: result: gcc -E
configure:19743: gcc -E  conftest.c
configure:19749: $? = 0
configure:19781: gcc -E  conftest.c
conftest.c:23:28: ac_nonexistent.h: No such file or directory
configure:19787: $? = 1
configure: failed program was:
| /* confdefs.h.  */
| 
| #define PACKAGE_NAME "dotconfpp"
| #define PACKAGE_TARNAME "dotconfpp"
| #define PACKAGE_VERSION "0.0.5"
| #define PACKAGE_STRING "dotconfpp 0.0.5"
| #define PACKAGE_BUGREPORT "a.krivoshey@kharkiv.com.ua"
| #define STDC_HEADERS 1
| #define HAVE_SYS_TYPES_H 1
| #define HAVE_SYS_STAT_H 1
| #define HAVE_STDLIB_H 1
| #define HAVE_STRING_H 1
| #define HAVE_MEMORY_H 1
| #define HAVE_STRINGS_H 1
| #define HAVE_INTTYPES_H 1
| #define HAVE_STDINT_H 1
| #define HAVE_UNISTD_H 1
| #define HAVE_DLFCN_H 1
| #ifdef __cplusplus
| extern "C" void std::exit (int) throw (); using std::exit;
| #endif
| /* end confdefs.h.  */
| #include <ac_nonexistent.h>
configure:19843: checking for a BSD-compatible install
configure:19898: result: /usr/bin/ginstall -c
configure:19909: checking whether ln -s works
configure:19913: result: yes
configure:19920: checking whether make sets $(MAKE)
configure:19940: result: yes
configure:19990: checking for ranlib
configure:20017: result: ranlib
configure:20035: checking for working alloca.h
configure:20056: gcc -o conftest -g -O2   conftest.c  >&5
configure:20062: $? = 0
configure:20066: test -z 
			 || test ! -s conftest.err
configure:20069: $? = 0
configure:20072: test -s conftest
configure:20075: $? = 0
configure:20087: result: yes
configure:20097: checking for alloca
configure:20138: gcc -o conftest -g -O2   conftest.c  >&5
configure:20144: $? = 0
configure:20148: test -z 
			 || test ! -s conftest.err
configure:20151: $? = 0
configure:20154: test -s conftest
configure:20157: $? = 0
configure:20169: result: yes
configure:20392: checking for ANSI C header files
configure:20548: result: yes
configure:20575: checking limits.h usability
configure:20587: gcc -c -g -O2  conftest.c >&5
configure:20593: $? = 0
configure:20597: test -z 
			 || test ! -s conftest.err
configure:20600: $? = 0
configure:20603: test -s conftest.o
configure:20606: $? = 0
configure:20616: result: yes
configure:20620: checking limits.h presence
configure:20630: gcc -E  conftest.c
configure:20636: $? = 0
configure:20656: result: yes
configure:20691: checking for limits.h
configure:20698: result: yes
configure:20566: checking for string.h
configure:20571: result: yes
configure:20566: checking for strings.h
configure:20571: result: yes
configure:20566: checking for unistd.h
configure:20571: result: yes
configure:20713: checking for stdbool.h that conforms to C99
configure:20766: gcc -c -g -O2  conftest.c >&5
configure:20772: $? = 0
configure:20776: test -z 
			 || test ! -s conftest.err
configure:20779: $? = 0
configure:20782: test -s conftest.o
configure:20785: $? = 0
configure:20796: result: yes
configure:20798: checking for _Bool
configure:20822: gcc -c -g -O2  conftest.c >&5
configure:20828: $? = 0
configure:20832: test -z 
			 || test ! -s conftest.err
configure:20835: $? = 0
configure:20838: test -s conftest.o
configure:20841: $? = 0
configure:20852: result: yes
configure:20871: checking for an ANSI C-conforming const
configure:20938: gcc -c -g -O2  conftest.c >&5
configure:20944: $? = 0
configure:20948: test -z 
			 || test ! -s conftest.err
configure:20951: $? = 0
configure:20954: test -s conftest.o
configure:20957: $? = 0
configure:20968: result: yes
configure:20978: checking for size_t
configure:21002: gcc -c -g -O2  conftest.c >&5
configure:21008: $? = 0
configure:21012: test -z 
			 || test ! -s conftest.err
configure:21015: $? = 0
configure:21018: test -s conftest.o
configure:21021: $? = 0
configure:21032: result: yes
configure:21046: checking for error_at_line
configure:21067: gcc -o conftest -g -O2   conftest.c  >&5
configure:21073: $? = 0
configure:21077: test -z 
			 || test ! -s conftest.err
configure:21080: $? = 0
configure:21083: test -s conftest
configure:21086: $? = 0
configure:21098: result: yes
configure:21116: checking for stdlib.h
configure:21121: result: yes
configure:21261: checking for GNU libc compatible malloc
configure:21290: gcc -o conftest -g -O2   conftest.c  >&5
configure:21293: $? = 0
configure:21295: ./conftest
configure:21298: $? = 0
configure:21312: result: yes
configure:21347: checking for stdlib.h
configure:21352: result: yes
configure:21492: checking for GNU libc compatible realloc
configure:21521: gcc -o conftest -g -O2   conftest.c  >&5
configure:21524: $? = 0
configure:21526: ./conftest
configure:21529: $? = 0
configure:21543: result: yes
configure:21577: checking for vprintf
configure:21634: gcc -o conftest -g -O2   conftest.c  >&5
conftest.c:60: warning: conflicting types for built-in function 'vprintf'
configure:21640: $? = 0
configure:21644: test -z 
			 || test ! -s conftest.err
configure:21647: $? = 0
configure:21650: test -s conftest
configure:21653: $? = 0
configure:21665: result: yes
configure:21672: checking for _doprnt
configure:21729: gcc -o conftest -g -O2   conftest.c  >&5
/tmp/ccEscYS5.o(.text+0x12): In function `main':
/home/voodoo/Projects/STABLE/dotconf++/conftest.c:77: undefined reference to `_doprnt'
/tmp/ccEscYS5.o(.data+0x0): undefined reference to `_doprnt'
collect2: ld returned 1 exit status
configure:21735: $? = 1
configure: failed program was:
| /* confdefs.h.  */
| 
| #define PACKAGE_NAME "dotconfpp"
| #define PACKAGE_TARNAME "dotconfpp"
| #define PACKAGE_VERSION "0.0.5"
| #define PACKAGE_STRING "dotconfpp 0.0.5"
| #define PACKAGE_BUGREPORT "a.krivoshey@kharkiv.com.ua"
| #define STDC_HEADERS 1
| #define HAVE_SYS_TYPES_H 1
| #define HAVE_SYS_STAT_H 1
| #define HAVE_STDLIB_H 1
| #define HAVE_STRING_H 1
| #define HAVE_MEMORY_H 1
| #define HAVE_STRINGS_H 1
| #define HAVE_INTTYPES_H 1
| #define HAVE_STDINT_H 1
| #define HAVE_UNISTD_H 1
| #define HAVE_DLFCN_H 1
| #ifdef __cplusplus
| extern "C" void std::exit (int) throw (); using std::exit;
| #endif
| #define HAVE_ALLOCA_H 1
| #define HAVE_ALLOCA 1
| #define STDC_HEADERS 1
| #define HAVE_LIMITS_H 1
| #define HAVE_STRING_H 1
| #define HAVE_STRINGS_H 1
| #define HAVE_UNISTD_H 1
| #define HAVE__BOOL 1
| #define HAVE_STDBOOL_H 1
| #define HAVE_STDLIB_H 1
| #define HAVE_MALLOC 1
| #define HAVE_STDLIB_H 1
| #define HAVE_REALLOC 1
| #define HAVE_VPRINTF 1
| /* end confdefs.h.  */
| /* Define _doprnt to an innocuous variant, in case <limits.h> declares _doprnt.
|    For example, HP-UX 11i <limits.h> declares gettimeofday.  */
| #define _doprnt innocuous__doprnt
| 
| /* System header to define __stub macros and hopefully few prototypes,
|     which can conflict with char _doprnt (); below.
|     Prefer <limits.h> to <assert.h> if __STDC__ is defined, since
|     <limits.h> exists even on freestanding compilers.  */
| 
| #ifdef __STDC__
| # include <limits.h>
| #else
| # include <assert.h>
| #endif
| 
| #undef _doprnt
| 
| /* Override any gcc2 internal prototype to avoid an error.  */
| #ifdef __cplusplus
| extern "C"
| {
| #endif
| /* We use char because int might match the return type of a gcc2
|    builtin and then its argument prototype would still apply.  */
| char _doprnt ();
| /* The GNU C library defines this for functions which it implements
|     to always fail with ENOSYS.  Some functions are actually named
|     something starting with __ and the normal name is an alias.  */
| #if defined (__stub__doprnt) || defined (__stub____doprnt)
| choke me
| #else
| char (*f) () = _doprnt;
| #endif
| #ifdef __cplusplus
| }
| #endif
| 
| int
| main ()
| {
| return f != _doprnt;
|   ;
|   return 0;
| }
configure:21760: result: no
configure:21782: checking for memset
configure:21839: gcc -o conftest -g -O2   conftest.c  >&5
conftest.c:61: warning: conflicting types for built-in function 'memset'
configure:21845: $? = 0
configure:21849: test -z 
			 || test ! -s conftest.err
configure:21852: $? = 0
configure:21855: test -s conftest
configure:21858: $? = 0
configure:21870: result: yes
configure:21782: checking for realpath
configure:21839: gcc -o conftest -g -O2   conftest.c  >&5
configure:21845: $? = 0
configure:21849: test -z 
			 || test ! -s conftest.err
configure:21852: $? = 0
configure:21855: test -s conftest
configure:21858: $? = 0
configure:21870: result: yes
configure:21782: checking for strchr
configure:21839: gcc -o conftest -g -O2   conftest.c  >&5
conftest.c:63: warning: conflicting types for built-in function 'strchr'
configure:21845: $? = 0
configure:21849: test -z 
			 || test ! -s conftest.err
configure:21852: $? = 0
configure:21855: test -s conftest
configure:21858: $? = 0
configure:21870: result: yes
configure:21782: checking for strdup
configure:21839: gcc -o conftest -g -O2   conftest.c  >&5
conftest.c:64: warning: conflicting types for built-in function 'strdup'
configure:21845: $? = 0
configure:21849: test -z 
			 || test ! -s conftest.err
configure:21852: $? = 0
configure:21855: test -s conftest
configure:21858: $? = 0
configure:21870: result: yes
configure:21782: checking for strerror
configure:21839: gcc -o conftest -g -O2   conftest.c  >&5
configure:21845: $? = 0
configure:21849: test -z 
			 || test ! -s conftest.err
configure:21852: $? = 0
configure:21855: test -s conftest
configure:21858: $? = 0
configure:21870: result: yes
configure:21999: creating ./config.status

## ---------------------- ##
## Running config.status. ##
## ---------------------- ##

This file was extended by dotconfpp config.status 0.0.5, which was
generated by GNU Autoconf 2.59.  Invocation command line was

  CONFIG_FILES    = 
  CONFIG_HEADERS  = 
  CONFIG_LINKS    = 
  CONFIG_COMMANDS = 
  $ ./config.status 

on voodoo-1100

config.status:718: creating Makefile
config.status:718: creating src/Makefile
config.status:718: creating src/example1/Makefile
config.status:718: creating src/example2/Makefile
config.status:822: creating config.h
config.status:1144: executing depfiles commands

## ---------------- ##
## Cache variables. ##
## ---------------- ##

ac_cv_build=i686-pc-linux-gnu
ac_cv_build_alias=i686-pc-linux-gnu
ac_cv_c_compiler_gnu=yes
ac_cv_c_const=yes
ac_cv_cxx_compiler_gnu=yes
ac_cv_env_CC_set=
ac_cv_env_CC_value=
ac_cv_env_CFLAGS_set=
ac_cv_env_CFLAGS_value=
ac_cv_env_CPPFLAGS_set=
ac_cv_env_CPPFLAGS_value=
ac_cv_env_CPP_set=
ac_cv_env_CPP_value=
ac_cv_env_CXXCPP_set=
ac_cv_env_CXXCPP_value=
ac_cv_env_CXXFLAGS_set=
ac_cv_env_CXXFLAGS_value=
ac_cv_env_CXX_set=
ac_cv_env_CXX_value=
ac_cv_env_F77_set=
ac_cv_env_F77_value=
ac_cv_env_FFLAGS_set=
ac_cv_env_FFLAGS_value=
ac_cv_env_LDFLAGS_set=
ac_cv_env_LDFLAGS_value=
ac_cv_env_build_alias_set=
ac_cv_env_build_alias_value=
ac_cv_env_host_alias_set=
ac_cv_env_host_alias_value=
ac_cv_env_target_alias_set=
ac_cv_env_target_alias_value=
ac_cv_exeext=
ac_cv_f77_compiler_gnu=no
ac_cv_func__doprnt=no
ac_cv_func_alloca_works=yes
ac_cv_func_malloc_0_nonnull=yes
ac_cv_func_memset=yes
ac_cv_func_realloc_0_nonnull=yes
ac_cv_func_realpath=yes
ac_cv_func_strchr=yes
ac_cv_func_strdup=yes
ac_cv_func_strerror=yes
ac_cv_func_vprintf=yes
ac_cv_header_dlfcn_h=yes
ac_cv_header_inttypes_h=yes
ac_cv_header_limits_h=yes
ac_cv_header_memory_h=yes
ac_cv_header_stdbool_h=yes
ac_cv_header_stdc=yes
ac_cv_header_stdint_h=yes
ac_cv_header_stdlib_h=yes
ac_cv_header_string_h=yes
ac_cv_header_strings_h=yes
ac_cv_header_sys_stat_h=yes
ac_cv_header_sys_types_h=yes
ac_cv_header_unistd_h=yes
ac_cv_host=i686-pc-linux-gnu
ac_cv_host_alias=i686-pc-linux-gnu
ac_cv_lib_error_at_line=yes
ac_cv_objext=o
ac_cv_path_install='/usr/bin/ginstall -c'
ac_cv_prog_AWK=gawk
ac_cv_prog_CPP='gcc -E'
ac_cv_prog_CXXCPP='g++ -E'
ac_cv_prog_ac_ct_AR=ar
ac_cv_prog_ac_ct_CC=gcc
ac_cv_prog_ac_ct_CXX=g++
ac_cv_prog_ac_ct_RANLIB=ranlib
ac_cv_prog_ac_ct_STRIP=strip
ac_cv_prog_cc_g=yes
ac_cv_prog_cc_stdc=
ac_cv_prog_cxx_g=yes
ac_cv_prog_egrep='grep -E'
ac_cv_prog_f77_g=no
ac_cv_prog_make_make_set=yes
ac_cv_type__Bool=yes
ac_cv_type_size_t=yes
ac_cv_working_alloca_h=yes
am_cv_CC_dependencies_compiler_type=gcc3
am_cv_CXX_dependencies_compiler_type=gcc3
lt_cv_deplibs_check_method=pass_all
lt_cv_file_magic_cmd='$MAGIC_CMD'
lt_cv_file_magic_test_file=
lt_cv_ld_reload_flag=-r
lt_cv_objdir=.libs
lt_cv_path_LD=/usr/i486-slackware-linux/bin/ld
lt_cv_path_LDCXX=/usr/i486-slackware-linux/bin/ld
lt_cv_path_NM='/usr/bin/nm -B'
lt_cv_path_SED=/usr/bin/sed
lt_cv_prog_compiler_c_o=yes
lt_cv_prog_compiler_c_o_CXX=yes
lt_cv_prog_compiler_rtti_exceptions=no
lt_cv_prog_gnu_ld=yes
lt_cv_prog_gnu_ldcxx=yes
lt_cv_sys_global_symbol_pipe='sed -n -e '\''s/^.*[ 	]\([ABCDGIRSTW][ABCDGIRSTW]*\)[ 	][ 	]*\([_A-Za-z][_A-Za-z0-9]*\)$/\1 \2 \2/p'\'''
lt_cv_sys_global_symbol_to_c_name_address='sed -n -e '\''s/^: \([^ ]*\) $/  {\"\1\", (lt_ptr) 0},/p'\'' -e '\''s/^[BCDEGRST] \([^ ]*\) \([^ ]*\)$/  {"\2", (lt_ptr) \&\2},/p'\'''
lt_cv_sys_global_symbol_to_cdecl='sed -n -e '\''s/^. .* \(.*\)$/extern int \1;/p'\'''
lt_cv_sys_max_cmd_len=32768
lt_lt_cv_prog_compiler_c_o='"yes"'
lt_lt_cv_prog_compiler_c_o_CXX='"yes"'
lt_lt_cv_sys_global_symbol_pipe='"sed -n -e '\''s/^.*[ 	]\\([ABCDGIRSTW][ABCDGIRSTW]*\\)[ 	][ 	]*\\([_A-Za-z][_A-Za-z0-9]*\\)\$/\\1 \\2 \\2/p'\''"'
lt_lt_cv_sys_global_symbol_to_c_name_address='"sed -n -e '\''s/^: \\([^ ]*\\) \$/  {\\\"\\1\\\", (lt_ptr) 0},/p'\'' -e '\''s/^[BCDEGRST] \\([^ ]*\\) \\([^ ]*\\)\$/  {\"\\2\", (lt_ptr) \\&\\2},/p'\''"'
lt_lt_cv_sys_global_symbol_to_cdecl='"sed -n -e '\''s/^. .* \\(.*\\)\$/extern int \\1;/p'\''"'

## ----------------- ##
## Output variables. ##
## ----------------- ##

ACLOCAL='${SHELL} /home/voodoo/Projects/STABLE/dotconf++/missing --run aclocal-1.9'
ALLOCA=''
AMDEPBACKSLASH='\'
AMDEP_FALSE='#'
AMDEP_TRUE=''
AMTAR='${SHELL} /home/voodoo/Projects/STABLE/dotconf++/missing --run tar'
AR='ar'
AUTOCONF='${SHELL} /home/voodoo/Projects/STABLE/dotconf++/missing --run autoconf'
AUTOHEADER='${SHELL} /home/voodoo/Projects/STABLE/dotconf++/missing --run autoheader'
AUTOMAKE='${SHELL} /home/voodoo/Projects/STABLE/dotconf++/missing --run automake-1.9'
AWK='gawk'
CC='gcc'
CCDEPMODE='depmode=gcc3'
CFLAGS='-g -O2'
CPP='gcc -E'
CPPFLAGS=''
CXX='g++'
CXXCPP='g++ -E'
CXXDEPMODE='depmode=gcc3'
CXXFLAGS='-g -O2'
CYGPATH_W='echo'
DEFS='-DHAVE_CONFIG_H'
DEPDIR='.deps'
ECHO='echo'
ECHO_C=''
ECHO_N='-n'
ECHO_T=''
EGREP='grep -E'
EXEEXT=''
F77=''
FFLAGS=''
INSTALL_DATA='${INSTALL} -m 644'
INSTALL_PROGRAM='${INSTALL}'
INSTALL_SCRIPT='${INSTALL}'
INSTALL_STRIP_PROGRAM='${SHELL} $(install_sh) -c -s'
LDFLAGS=''
LIBOBJS=''
LIBS=''
LIBTOOL='$(SHELL) $(top_builddir)/libtool'
LN_S='ln -s'
LTLIBOBJS=''
MAKEINFO='${SHELL} /home/voodoo/Projects/STABLE/dotconf++/missing --run makeinfo'
OBJEXT='o'
PACKAGE='dotconfpp'
PACKAGE_BUGREPORT='a.krivoshey@kharkiv.com.ua'
PACKAGE_NAME='dotconfpp'
PACKAGE_STRING='dotconfpp 0.0.5'
PACKAGE_TARNAME='dotconfpp'
PACKAGE_VERSION='0.0.5'
PATH_SEPARATOR=':'
RANLIB='ranlib'
SET_MAKE=''
SHELL='/bin/sh'
STRIP='strip'
VERSION='0.0.5'
ac_ct_AR='ar'
ac_ct_CC='gcc'
ac_ct_CXX='g++'
ac_ct_F77=''
ac_ct_RANLIB='ranlib'
ac_ct_STRIP='strip'
am__fastdepCC_FALSE='#'
am__fastdepCC_TRUE=''
am__fastdepCXX_FALSE='#'
am__fastdepCXX_TRUE=''
am__include='include'
am__leading_dot='.'
am__quote=''
am__tar='${AMTAR} chof - "$$tardir"'
am__untar='${AMTAR} xf -'
bindir='${exec_prefix}/bin'
build='i686-pc-linux-gnu'
build_alias=''
build_cpu='i686'
build_os='linux-gnu'
build_vendor='pc'
datadir='${prefix}/share'
exec_prefix='${prefix}'
host='i686-pc-linux-gnu'
host_alias=''
host_cpu='i686'
host_os='linux-gnu'
host_vendor='pc'
includedir='${prefix}/include'
infodir='${prefix}/info'
install_sh='/home/voodoo/Projects/STABLE/dotconf++/install-sh'
libdir='${exec_prefix}/lib'
libexecdir='${exec_prefix}/libexec'
localstatedir='${prefix}/var'
mandir='${prefix}/man'
mkdir_p='mkdir -p --'
oldincludedir='/usr/include'
prefix='/usr/local'
program_transform_name='s,x,x,'
sbindir='${exec_prefix}/sbin'
sharedstatedir='${prefix}/com'
sysconfdir='${prefix}/etc'
target_alias=''

## ----------- ##
## confdefs.h. ##
## ----------- ##

#define HAVE_ALLOCA 1
#define HAVE_ALLOCA_H 1
#define HAVE_DLFCN_H 1
#define HAVE_INTTYPES_H 1
#define HAVE_LIMITS_H 1
#define HAVE_MALLOC 1
#define HAVE_MEMORY_H 1
#define HAVE_MEMSET 1
#define HAVE_REALLOC 1
#define HAVE_REALPATH 1
#define HAVE_STDBOOL_H 1
#define HAVE_STDINT_H 1
#define HAVE_STDLIB_H 1
#define HAVE_STDLIB_H 1
#define HAVE_STDLIB_H 1
#define HAVE_STRCHR 1
#define HAVE_STRDUP 1
#define HAVE_STRERROR 1
#define HAVE_STRINGS_H 1
#define HAVE_STRINGS_H 1
#define HAVE_STRING_H 1
#define HAVE_STRING_H 1
#define HAVE_SYS_STAT_H 1
#define HAVE_SYS_TYPES_H 1
#define HAVE_UNISTD_H 1
#define HAVE_UNISTD_H 1
#define HAVE_VPRINTF 1
#define HAVE__BOOL 1
#define PACKAGE_BUGREPORT "a.krivoshey@kharkiv.com.ua"
#define PACKAGE_NAME "dotconfpp"
#define PACKAGE_STRING "dotconfpp 0.0.5"
#define PACKAGE_TARNAME "dotconfpp"
#define PACKAGE_VERSION "0.0.5"
#define STDC_HEADERS 1
#define STDC_HEADERS 1
#endif
#ifdef __cplusplus
extern "C" void std::exit (int) throw (); using std::exit;

configure: exit 0

## ---------------------- ##
## Running config.status. ##
## ---------------------- ##

This file was extended by dotconfpp config.status 0.0.5, which was
generated by GNU Autoconf 2.59.  Invocation command line was

  CONFIG_FILES    = 
  CONFIG_HEADERS  = 
  CONFIG_LINKS    = 
  CONFIG_COMMANDS = 
  $ ./config.status config.h

on voodoo-1100

config.status:822: creating config.h
config.status:964: config.h is unchanged

## ---------------------- ##
## Running config.status. ##
## ---------------------- ##

This file was extended by dotconfpp config.status 0.0.5, which was
generated by GNU Autoconf 2.59.  Invocation command line was

  CONFIG_FILES    = 
  CONFIG_HEADERS  = 
  CONFIG_LINKS    = 
  CONFIG_COMMANDS = 
  $ ./config.status src/Makefile depfiles

on voodoo-1100

config.status:718: creating src/Makefile
config.status:1144: executing depfiles commands
